RECEIVED ACK 0
RECEIVED ACK 0
RECEIVED ACK 0
RECEIVED ACK 0
RECEIVED ACK 0
RECEIVED ACK 0
RECEIVED ACK 0
RECEIVED ACK 0
ESTIMATING 0.10063362121582031 0.0011136531829833984
92 184
RECEIVED ACK 0
RECEIVED ACK 0
RECEIVED ACK 0
RECEIVED ACK 0
RECEIVED ACK 0
RECEIVED ACK 1
RECEIVED ACK 1
RECEIVED ACK 2
RECEIVED ACK 3
RECEIVED ACK 3
RECEIVED ACK 4
RECEIVED ACK 4
RECEIVED ACK 5
RECEIVED ACK 5
RECEIVED ACK 6
RECEIVED ACK 6
RECEIVED ACK 7
RECEIVED ACK 7
RECEIVED ACK 8
RECEIVED ACK 8
RECEIVED ACK 9
RECEIVED ACK 9
RECEIVED ACK 10
RECEIVED ACK 10
RECEIVED ACK 11
RECEIVED ACK 11
RECEIVED ACK 12
RECEIVED ACK 13
RECEIVED ACK 13
RECEIVED ACK 14
RECEIVED ACK 14
RECEIVED ACK 15
RECEIVED ACK 15
RECEIVED ACK 16
RECEIVED ACK 16
RECEIVED ACK 17
RECEIVED ACK 17
RECEIVED ACK 18
RECEIVED ACK 18
RECEIVED ACK 19
RECEIVED ACK 19
RECEIVED ACK 20
RECEIVED ACK 21
RECEIVED ACK 22
RECEIVED ACK 23
RECEIVED ACK 23
RECEIVED ACK 24
RECEIVED ACK 24
RECEIVED ACK 25
RECEIVED ACK 25
RECEIVED ACK 26
RECEIVED ACK 27
RECEIVED ACK 27
RECEIVED ACK 28
RECEIVED ACK 28
RECEIVED ACK 29
RECEIVED ACK 29
RECEIVED ACK 30
RECEIVED ACK 31
RECEIVED ACK 31
RECEIVED ACK 32
RECEIVED ACK 33
RECEIVED ACK 33
RECEIVED ACK 34
RECEIVED ACK 34
RECEIVED ACK 35
RECEIVED ACK 35
RECEIVED ACK 36
RECEIVED ACK 36
RECEIVED ACK 37
RECEIVED ACK 37
RECEIVED ACK 38
RECEIVED ACK 38
RECEIVED ACK 39
RECEIVED ACK 39
RECEIVED ACK 40
RECEIVED ACK 41
RECEIVED ACK 41
RECEIVED ACK 42
RECEIVED ACK 43
RECEIVED ACK 43
RECEIVED ACK 44
RECEIVED ACK 44
RECEIVED ACK 45
RECEIVED ACK 45
RECEIVED ACK 46
RECEIVED ACK 46
RECEIVED ACK 47
RECEIVED ACK 47
RECEIVED ACK 48
RECEIVED ACK 48
RECEIVED ACK 49
RECEIVED ACK 49
RECEIVED ACK 50
RECEIVED ACK 51
RECEIVED ACK 51
RECEIVED ACK 52
RECEIVED ACK 52
RECEIVED ACK 53
RECEIVED ACK 53
RECEIVED ACK 54
RECEIVED ACK 54
RECEIVED ACK 55
RECEIVED ACK 55
RECEIVED ACK 56
RECEIVED ACK 57
RECEIVED ACK 57
RECEIVED ACK 58
RECEIVED ACK 58
RECEIVED ACK 59
RECEIVED ACK 60
RECEIVED ACK 60
RECEIVED ACK 61
RECEIVED ACK 61
RECEIVED ACK 62
RECEIVED ACK 62
RECEIVED ACK 62
RECEIVED ACK 62
RECEIVED ACK 62
RECEIVED ACK 62
RECEIVED ACK 62
RECEIVED ACK 62
RECEIVED ACK 62
RECEIVED ACK 62
112
PROFIT 0.0011136531829833984 112
0.0011136531829833984
RECEIVED ACK 63
RECEIVED ACK 63
RECEIVED ACK 64
RECEIVED ACK 65
RECEIVED ACK 65
RECEIVED ACK 66
RECEIVED ACK 66
RECEIVED ACK 67
RECEIVED ACK 67
RECEIVED ACK 68
RECEIVED ACK 68
RECEIVED ACK 69
RECEIVED ACK 69
RECEIVED ACK 70
RECEIVED ACK 70
RECEIVED ACK 71
RECEIVED ACK 71
RECEIVED ACK 72
RECEIVED ACK 72
RECEIVED ACK 73
RECEIVED ACK 73
RECEIVED ACK 74
RECEIVED ACK 74
RECEIVED ACK 75
RECEIVED ACK 76
RECEIVED ACK 76
RECEIVED ACK 77
RECEIVED ACK 77
RECEIVED ACK 78
RECEIVED ACK 79
RECEIVED ACK 79
RECEIVED ACK 80
RECEIVED ACK 80
RECEIVED ACK 81
RECEIVED ACK 81
RECEIVED ACK 82
RECEIVED ACK 82
RECEIVED ACK 83
RECEIVED ACK 83
RECEIVED ACK 84
RECEIVED ACK 85
RECEIVED ACK 85
RECEIVED ACK 86
RECEIVED ACK 86
RECEIVED ACK 87
RECEIVED ACK 87
RECEIVED ACK 88
RECEIVED ACK 88
RECEIVED ACK 89
RECEIVED ACK 90
RECEIVED ACK 90
RECEIVED ACK 91
RECEIVED ACK 91
RECEIVED ACK 92
RECEIVED ACK 92
RECEIVED ACK 93
RECEIVED ACK 93
RECEIVED ACK 94
RECEIVED ACK 94
RECEIVED ACK 95
RECEIVED ACK 95
RECEIVED ACK 96
RECEIVED ACK 96
RECEIVED ACK 97
RECEIVED ACK 97
RECEIVED ACK 98
RECEIVED ACK 98
RECEIVED ACK 99
RECEIVED ACK 99
RECEIVED ACK 100
RECEIVED ACK 100
RECEIVED ACK 101
RECEIVED ACK 101
RECEIVED ACK 101
RECEIVED ACK 101
DOUBLE ACK 146
RECEIVED ACK 101
RECEIVED ACK 101
RECEIVED ACK 101
RECEIVED ACK 101
RECEIVED ACK 101
RECEIVED ACK 101
RECEIVED ACK 101
RECEIVED ACK 101
RECEIVED ACK 101
RECEIVED ACK 101
RECEIVED ACK 101
RECEIVED ACK 101
RECEIVED ACK 101
RECEIVED ACK 101
RECEIVED ACK 101
RECEIVED ACK 101
RECEIVED ACK 101
RECEIVED ACK 101
RECEIVED ACK 101
RECEIVED ACK 101
RECEIVED ACK 101
RECEIVED ACK 101
RECEIVED ACK 101
RECEIVED ACK 101
RECEIVED ACK 101
RECEIVED ACK 101
RECEIVED ACK 101
RECEIVED ACK 101
RECEIVED ACK 101
RECEIVED ACK 101
RECEIVED ACK 101
RECEIVED ACK 101
RECEIVED ACK 101
RECEIVED ACK 101
RECEIVED ACK 101
RECEIVED ACK 101
RECEIVED ACK 101
RECEIVED ACK 101
RECEIVED ACK 101
RECEIVED ACK 101
RECEIVED ACK 101
RECEIVED ACK 101
RECEIVED ACK 101
RECEIVED ACK 101
RECEIVED ACK 101
RECEIVED ACK 101
RECEIVED ACK 101
RECEIVED ACK 101
RECEIVED ACK 101
RECEIVED ACK 101
RECEIVED ACK 101
RECEIVED ACK 101
RECEIVED ACK 101
RECEIVED ACK 101
RECEIVED ACK 101
RECEIVED ACK 101
RECEIVED ACK 101
RECEIVED ACK 101
RECEIVED ACK 101
RECEIVED ACK 101
RECEIVED ACK 101
RECEIVED ACK 101
RECEIVED ACK 101
RECEIVED ACK 101
RECEIVED ACK 101
RECEIVED ACK 101
RECEIVED ACK 101
RECEIVED ACK 101
RECEIVED ACK 101
RECEIVED ACK 101
RECEIVED ACK 101
RECEIVED ACK 101
RECEIVED ACK 101
RECEIVED ACK 101
RECEIVED ACK 101
DOUBLE ACK 103
DOUBLE ACK 103
RECEIVED ACK 102
RECEIVED ACK 103
RECEIVED ACK 103
RECEIVED ACK 103
DOUBLE ACK 144
RECEIVED ACK 103
RECEIVED ACK 104
RECEIVED ACK 104
RECEIVED ACK 105
RECEIVED ACK 105
RECEIVED ACK 106
RECEIVED ACK 106
RECEIVED ACK 107
RECEIVED ACK 107
RECEIVED ACK 108
RECEIVED ACK 108
RECEIVED ACK 109
RECEIVED ACK 109
RECEIVED ACK 110
RECEIVED ACK 110
RECEIVED ACK 111
RECEIVED ACK 111
RECEIVED ACK 112
RECEIVED ACK 112
RECEIVED ACK 113
RECEIVED ACK 114
RECEIVED ACK 114
RECEIVED ACK 115
RECEIVED ACK 115
RECEIVED ACK 116
RECEIVED ACK 116
RECEIVED ACK 117
RECEIVED ACK 117
RECEIVED ACK 118
RECEIVED ACK 118
RECEIVED ACK 118
RECEIVED ACK 118
RECEIVED ACK 118
RECEIVED ACK 118
RECEIVED ACK 118
RECEIVED ACK 118
RECEIVED ACK 118
RECEIVED ACK 118
RECEIVED ACK 118
RECEIVED ACK 118
RECEIVED ACK 118
RECEIVED ACK 118
RECEIVED ACK 118
RECEIVED ACK 118
RECEIVED ACK 118
RECEIVED ACK 118
RECEIVED ACK 118
RECEIVED ACK 118
RECEIVED ACK 118
RECEIVED ACK 118
RECEIVED ACK 118
RECEIVED ACK 118
RECEIVED ACK 118
RECEIVED ACK 118
RECEIVED ACK 118
RECEIVED ACK 118
RECEIVED ACK 118
RECEIVED ACK 118
RECEIVED ACK 118
RECEIVED ACK 118
RECEIVED ACK 118
RECEIVED ACK 118
RECEIVED ACK 118
RECEIVED ACK 118
RECEIVED ACK 118
RECEIVED ACK 118
RECEIVED ACK 118
RECEIVED ACK 118
RECEIVED ACK 118
RECEIVED ACK 118
RECEIVED ACK 118
RECEIVED ACK 118
RECEIVED ACK 118
DOUBLE ACK 105
RECEIVED ACK 119
RECEIVED ACK 119
RECEIVED ACK 120
RECEIVED ACK 120
RECEIVED ACK 120
RECEIVED ACK 120
DOUBLE ACK 160
RECEIVED ACK 121
RECEIVED ACK 121
RECEIVED ACK 122
RECEIVED ACK 122
RECEIVED ACK 123
RECEIVED ACK 123
RECEIVED ACK 124
RECEIVED ACK 125
RECEIVED ACK 125
RECEIVED ACK 126
RECEIVED ACK 126
RECEIVED ACK 127
RECEIVED ACK 127
RECEIVED ACK 128
RECEIVED ACK 128
RECEIVED ACK 129
RECEIVED ACK 129
RECEIVED ACK 130
RECEIVED ACK 130
RECEIVED ACK 131
RECEIVED ACK 132
RECEIVED ACK 133
RECEIVED ACK 133
RECEIVED ACK 134
RECEIVED ACK 134
RECEIVED ACK 135
RECEIVED ACK 135
RECEIVED ACK 136
RECEIVED ACK 136
RECEIVED ACK 137
RECEIVED ACK 137
RECEIVED ACK 138
RECEIVED ACK 138
RECEIVED ACK 139
RECEIVED ACK 139
RECEIVED ACK 140
RECEIVED ACK 140
RECEIVED ACK 141
RECEIVED ACK 141
RECEIVED ACK 142
RECEIVED ACK 143
RECEIVED ACK 144
RECEIVED ACK 144
RECEIVED ACK 145
RECEIVED ACK 145
RECEIVED ACK 146
RECEIVED ACK 146
RECEIVED ACK 147
RECEIVED ACK 147
RECEIVED ACK 148
RECEIVED ACK 148
RECEIVED ACK 149
RECEIVED ACK 149
RECEIVED ACK 150
RECEIVED ACK 151
RECEIVED ACK 151
RECEIVED ACK 152
RECEIVED ACK 153
RECEIVED ACK 153
RECEIVED ACK 154
RECEIVED ACK 154
RECEIVED ACK 155
RECEIVED ACK 155
RECEIVED ACK 156
RECEIVED ACK 156
RECEIVED ACK 157
RECEIVED ACK 158
RECEIVED ACK 158
RECEIVED ACK 159
RECEIVED ACK 159
RECEIVED ACK 159
DOUBLE ACK 163
RECEIVED ACK 160
RECEIVED ACK 160
RECEIVED ACK 160
RECEIVED ACK 160
RECEIVED ACK 160
RECEIVED ACK 160
RECEIVED ACK 160
RECEIVED ACK 160
RECEIVED ACK 160
RECEIVED ACK 160
RECEIVED ACK 160
RECEIVED ACK 160
RECEIVED ACK 160
RECEIVED ACK 160
RECEIVED ACK 160
RECEIVED ACK 160
RECEIVED ACK 160
RECEIVED ACK 160
RECEIVED ACK 160
RECEIVED ACK 160
RECEIVED ACK 160
RECEIVED ACK 160
RECEIVED ACK 160
RECEIVED ACK 160
RECEIVED ACK 160
RECEIVED ACK 160
RECEIVED ACK 160
RECEIVED ACK 160
RECEIVED ACK 160
RECEIVED ACK 160
RECEIVED ACK 160
RECEIVED ACK 160
RECEIVED ACK 160
RECEIVED ACK 160
RECEIVED ACK 160
RECEIVED ACK 160
RECEIVED ACK 160
RECEIVED ACK 160
RECEIVED ACK 160
RECEIVED ACK 160
RECEIVED ACK 160
RECEIVED ACK 160
RECEIVED ACK 160
RECEIVED ACK 160
RECEIVED ACK 160
RECEIVED ACK 160
RECEIVED ACK 160
RECEIVED ACK 160
RECEIVED ACK 160
RECEIVED ACK 160
RECEIVED ACK 160
RECEIVED ACK 160
RECEIVED ACK 160
RECEIVED ACK 160
RECEIVED ACK 160
RECEIVED ACK 160
RECEIVED ACK 160
RECEIVED ACK 160
RECEIVED ACK 160
RECEIVED ACK 160
RECEIVED ACK 160
RECEIVED ACK 160
RECEIVED ACK 160
RECEIVED ACK 160
RECEIVED ACK 160
RECEIVED ACK 160
RECEIVED ACK 160
RECEIVED ACK 160
RECEIVED ACK 160
RECEIVED ACK 161
RECEIVED ACK 161
RECEIVED ACK 162
RECEIVED ACK 162
RECEIVED ACK 163
RECEIVED ACK 163
RECEIVED ACK 163
DOUBLE ACK 202
RECEIVED ACK 163
RECEIVED ACK 163
RECEIVED ACK 163
RECEIVED ACK 163
RECEIVED ACK 163
RECEIVED ACK 164
RECEIVED ACK 164
RECEIVED ACK 165
RECEIVED ACK 165
RECEIVED ACK 166
RECEIVED ACK 167
RECEIVED ACK 168
RECEIVED ACK 168
RECEIVED ACK 169
RECEIVED ACK 169
RECEIVED ACK 170
RECEIVED ACK 170
RECEIVED ACK 171
RECEIVED ACK 171
RECEIVED ACK 172
RECEIVED ACK 172
RECEIVED ACK 173
RECEIVED ACK 174
RECEIVED ACK 174
RECEIVED ACK 175
RECEIVED ACK 175
RECEIVED ACK 176
RECEIVED ACK 177
RECEIVED ACK 177
RECEIVED ACK 178
RECEIVED ACK 178
RECEIVED ACK 179
RECEIVED ACK 179
RECEIVED ACK 180
RECEIVED ACK 181
RECEIVED ACK 181
RECEIVED ACK 182
RECEIVED ACK 182
RECEIVED ACK 183
RECEIVED ACK 183
RECEIVED ACK 184
RECEIVED ACK 184
RECEIVED ACK 185
RECEIVED ACK 185
RECEIVED ACK 186
RECEIVED ACK 186
RECEIVED ACK 187
RECEIVED ACK 187
RECEIVED ACK 188
RECEIVED ACK 188
RECEIVED ACK 189
RECEIVED ACK 189
RECEIVED ACK 190
RECEIVED ACK 190
RECEIVED ACK 191
RECEIVED ACK 192
RECEIVED ACK 192
RECEIVED ACK 193
RECEIVED ACK 193
RECEIVED ACK 194
RECEIVED ACK 194
RECEIVED ACK 195
RECEIVED ACK 195
RECEIVED ACK 196
RECEIVED ACK 196
RECEIVED ACK 197
RECEIVED ACK 197
RECEIVED ACK 198
RECEIVED ACK 198
RECEIVED ACK 199
RECEIVED ACK 199
RECEIVED ACK 200
RECEIVED ACK 201
RECEIVED ACK 202
RECEIVED ACK 202
RECEIVED ACK 202
DOUBLE ACK 207
RECEIVED ACK 202
RECEIVED ACK 202
RECEIVED ACK 202
RECEIVED ACK 202
RECEIVED ACK 202
RECEIVED ACK 202
RECEIVED ACK 202
RECEIVED ACK 202
RECEIVED ACK 202
RECEIVED ACK 202
RECEIVED ACK 202
RECEIVED ACK 202
RECEIVED ACK 202
RECEIVED ACK 202
RECEIVED ACK 202
RECEIVED ACK 202
RECEIVED ACK 202
RECEIVED ACK 202
RECEIVED ACK 202
RECEIVED ACK 202
RECEIVED ACK 202
RECEIVED ACK 202
RECEIVED ACK 202
RECEIVED ACK 202
RECEIVED ACK 202
RECEIVED ACK 202
RECEIVED ACK 202
RECEIVED ACK 202
RECEIVED ACK 202
RECEIVED ACK 202
RECEIVED ACK 202
RECEIVED ACK 202
RECEIVED ACK 202
RECEIVED ACK 202
RECEIVED ACK 202
RECEIVED ACK 202
RECEIVED ACK 202
RECEIVED ACK 202
RECEIVED ACK 202
RECEIVED ACK 202
RECEIVED ACK 202
RECEIVED ACK 202
RECEIVED ACK 202
RECEIVED ACK 202
RECEIVED ACK 202
RECEIVED ACK 202
RECEIVED ACK 202
RECEIVED ACK 202
RECEIVED ACK 202
RECEIVED ACK 202
RECEIVED ACK 202
RECEIVED ACK 202
RECEIVED ACK 202
RECEIVED ACK 202
RECEIVED ACK 202
RECEIVED ACK 202
RECEIVED ACK 202
RECEIVED ACK 202
RECEIVED ACK 202
RECEIVED ACK 202
RECEIVED ACK 202
RECEIVED ACK 202
RECEIVED ACK 202
RECEIVED ACK 202
RECEIVED ACK 203
RECEIVED ACK 203
RECEIVED ACK 204
RECEIVED ACK 204
RECEIVED ACK 205
RECEIVED ACK 205
RECEIVED ACK 206
RECEIVED ACK 207
RECEIVED ACK 207
RECEIVED ACK 207
DOUBLE ACK 246
RECEIVED ACK 207
RECEIVED ACK 207
RECEIVED ACK 207
RECEIVED ACK 207
RECEIVED ACK 207
RECEIVED ACK 207
RECEIVED ACK 208
RECEIVED ACK 209
RECEIVED ACK 210
RECEIVED ACK 210
RECEIVED ACK 211
RECEIVED ACK 211
RECEIVED ACK 212
RECEIVED ACK 212
RECEIVED ACK 213
RECEIVED ACK 213
RECEIVED ACK 214
RECEIVED ACK 214
RECEIVED ACK 215
RECEIVED ACK 215
RECEIVED ACK 216
RECEIVED ACK 216
RECEIVED ACK 217
RECEIVED ACK 217
RECEIVED ACK 218
RECEIVED ACK 218
RECEIVED ACK 219
RECEIVED ACK 219
RECEIVED ACK 220
RECEIVED ACK 220
RECEIVED ACK 221
RECEIVED ACK 221
RECEIVED ACK 222
RECEIVED ACK 222
RECEIVED ACK 223
RECEIVED ACK 223
RECEIVED ACK 224
RECEIVED ACK 224
RECEIVED ACK 225
RECEIVED ACK 226
RECEIVED ACK 226
RECEIVED ACK 227
RECEIVED ACK 227
RECEIVED ACK 228
RECEIVED ACK 228
RECEIVED ACK 229
RECEIVED ACK 229
RECEIVED ACK 230
RECEIVED ACK 230
RECEIVED ACK 231
RECEIVED ACK 231
RECEIVED ACK 232
RECEIVED ACK 232
RECEIVED ACK 233
RECEIVED ACK 233
RECEIVED ACK 234
RECEIVED ACK 234
RECEIVED ACK 235
RECEIVED ACK 235
RECEIVED ACK 236
RECEIVED ACK 236
RECEIVED ACK 237
RECEIVED ACK 238
RECEIVED ACK 239
RECEIVED ACK 239
RECEIVED ACK 240
RECEIVED ACK 240
RECEIVED ACK 241
RECEIVED ACK 242
RECEIVED ACK 242
RECEIVED ACK 243
RECEIVED ACK 243
RECEIVED ACK 244
RECEIVED ACK 244
RECEIVED ACK 245
RECEIVED ACK 245
RECEIVED ACK 246
RECEIVED ACK 246
RECEIVED ACK 246
RECEIVED ACK 246
DOUBLE ACK 244
RECEIVED ACK 246
RECEIVED ACK 246
RECEIVED ACK 246
RECEIVED ACK 246
RECEIVED ACK 246
RECEIVED ACK 246
RECEIVED ACK 246
RECEIVED ACK 246
RECEIVED ACK 246
RECEIVED ACK 246
RECEIVED ACK 246
RECEIVED ACK 246
RECEIVED ACK 246
RECEIVED ACK 246
RECEIVED ACK 246
RECEIVED ACK 246
RECEIVED ACK 246
RECEIVED ACK 246
RECEIVED ACK 246
RECEIVED ACK 246
RECEIVED ACK 246
RECEIVED ACK 246
RECEIVED ACK 246
RECEIVED ACK 246
RECEIVED ACK 246
RECEIVED ACK 246
RECEIVED ACK 246
RECEIVED ACK 246
RECEIVED ACK 246
RECEIVED ACK 246
RECEIVED ACK 246
RECEIVED ACK 246
RECEIVED ACK 246
RECEIVED ACK 246
RECEIVED ACK 246
RECEIVED ACK 246
RECEIVED ACK 246
RECEIVED ACK 246
RECEIVED ACK 246
RECEIVED ACK 246
RECEIVED ACK 246
RECEIVED ACK 246
RECEIVED ACK 246
RECEIVED ACK 246
RECEIVED ACK 246
RECEIVED ACK 246
RECEIVED ACK 246
RECEIVED ACK 246
RECEIVED ACK 246
RECEIVED ACK 246
RECEIVED ACK 246
RECEIVED ACK 246
RECEIVED ACK 246
RECEIVED ACK 247
RECEIVED ACK 247
RECEIVED ACK 247
RECEIVED ACK 247
DOUBLE ACK 248
RECEIVED ACK 248
RECEIVED ACK 248
RECEIVED ACK 249
RECEIVED ACK 249
RECEIVED ACK 249
DOUBLE ACK 291
RECEIVED ACK 249
RECEIVED ACK 250
RECEIVED ACK 250
RECEIVED ACK 251
RECEIVED ACK 251
RECEIVED ACK 252
RECEIVED ACK 252
RECEIVED ACK 253
RECEIVED ACK 254
RECEIVED ACK 254
RECEIVED ACK 255
RECEIVED ACK 255
RECEIVED ACK 256
RECEIVED ACK 256
RECEIVED ACK 257
RECEIVED ACK 257
RECEIVED ACK 258
RECEIVED ACK 259
RECEIVED ACK 260
RECEIVED ACK 260
RECEIVED ACK 261
RECEIVED ACK 261
RECEIVED ACK 262
RECEIVED ACK 262
RECEIVED ACK 263
RECEIVED ACK 263
RECEIVED ACK 264
RECEIVED ACK 264
RECEIVED ACK 265
RECEIVED ACK 265
RECEIVED ACK 266
RECEIVED ACK 266
RECEIVED ACK 267
RECEIVED ACK 267
RECEIVED ACK 268
RECEIVED ACK 269
RECEIVED ACK 270
RECEIVED ACK 271
RECEIVED ACK 271
RECEIVED ACK 272
RECEIVED ACK 272
RECEIVED ACK 273
RECEIVED ACK 273
RECEIVED ACK 274
RECEIVED ACK 274
RECEIVED ACK 275
RECEIVED ACK 275
RECEIVED ACK 276
RECEIVED ACK 276
RECEIVED ACK 277
RECEIVED ACK 277
RECEIVED ACK 278
RECEIVED ACK 279
RECEIVED ACK 279
RECEIVED ACK 280
RECEIVED ACK 280
RECEIVED ACK 281
RECEIVED ACK 281
RECEIVED ACK 282
RECEIVED ACK 282
RECEIVED ACK 283
RECEIVED ACK 283
RECEIVED ACK 284
RECEIVED ACK 284
RECEIVED ACK 285
RECEIVED ACK 285
RECEIVED ACK 286
RECEIVED ACK 286
RECEIVED ACK 287
RECEIVED ACK 288
RECEIVED ACK 288
RECEIVED ACK 289
RECEIVED ACK 289
RECEIVED ACK 290
RECEIVED ACK 291
RECEIVED ACK 291
RECEIVED ACK 291
DOUBLE ACK 293
RECEIVED ACK 291
RECEIVED ACK 291
RECEIVED ACK 291
RECEIVED ACK 291
RECEIVED ACK 291
RECEIVED ACK 291
RECEIVED ACK 291
RECEIVED ACK 291
RECEIVED ACK 291
RECEIVED ACK 291
RECEIVED ACK 291
RECEIVED ACK 291
RECEIVED ACK 291
RECEIVED ACK 291
RECEIVED ACK 291
RECEIVED ACK 291
RECEIVED ACK 291
RECEIVED ACK 291
RECEIVED ACK 291
RECEIVED ACK 291
RECEIVED ACK 291
RECEIVED ACK 291
RECEIVED ACK 291
RECEIVED ACK 291
RECEIVED ACK 291
RECEIVED ACK 291
RECEIVED ACK 291
RECEIVED ACK 291
RECEIVED ACK 291
RECEIVED ACK 291
RECEIVED ACK 291
RECEIVED ACK 291
RECEIVED ACK 291
RECEIVED ACK 291
RECEIVED ACK 291
RECEIVED ACK 291
RECEIVED ACK 291
RECEIVED ACK 291
RECEIVED ACK 291
RECEIVED ACK 291
RECEIVED ACK 291
RECEIVED ACK 291
RECEIVED ACK 291
RECEIVED ACK 291
RECEIVED ACK 291
RECEIVED ACK 291
RECEIVED ACK 291
RECEIVED ACK 291
RECEIVED ACK 291
RECEIVED ACK 291
RECEIVED ACK 291
RECEIVED ACK 291
RECEIVED ACK 291
RECEIVED ACK 291
RECEIVED ACK 291
RECEIVED ACK 291
RECEIVED ACK 291
RECEIVED ACK 291
RECEIVED ACK 291
RECEIVED ACK 291
RECEIVED ACK 291
RECEIVED ACK 291
RECEIVED ACK 291
RECEIVED ACK 291
RECEIVED ACK 291
RECEIVED ACK 291
RECEIVED ACK 291
RECEIVED ACK 291
RECEIVED ACK 291
RECEIVED ACK 291
RECEIVED ACK 291
RECEIVED ACK 291
RECEIVED ACK 291
RECEIVED ACK 291
RECEIVED ACK 291
RECEIVED ACK 292
RECEIVED ACK 292
RECEIVED ACK 293
RECEIVED ACK 293
RECEIVED ACK 293
RECEIVED ACK 293
DOUBLE ACK 336
RECEIVED ACK 294
RECEIVED ACK 294
RECEIVED ACK 295
RECEIVED ACK 295
RECEIVED ACK 296
RECEIVED ACK 297
RECEIVED ACK 297
RECEIVED ACK 298
RECEIVED ACK 298
RECEIVED ACK 299
RECEIVED ACK 299
RECEIVED ACK 300
RECEIVED ACK 300
RECEIVED ACK 301
RECEIVED ACK 301
RECEIVED ACK 302
RECEIVED ACK 303
RECEIVED ACK 304
RECEIVED ACK 304
RECEIVED ACK 305
RECEIVED ACK 305
RECEIVED ACK 306
RECEIVED ACK 306
RECEIVED ACK 307
RECEIVED ACK 307
RECEIVED ACK 308
RECEIVED ACK 308
RECEIVED ACK 309
RECEIVED ACK 309
RECEIVED ACK 310
RECEIVED ACK 310
RECEIVED ACK 311
RECEIVED ACK 311
RECEIVED ACK 312
RECEIVED ACK 312
RECEIVED ACK 313
RECEIVED ACK 313
RECEIVED ACK 314
RECEIVED ACK 315
RECEIVED ACK 316
RECEIVED ACK 316
RECEIVED ACK 317
RECEIVED ACK 317
RECEIVED ACK 318
RECEIVED ACK 318
RECEIVED ACK 319
RECEIVED ACK 319
RECEIVED ACK 320
RECEIVED ACK 320
RECEIVED ACK 321
RECEIVED ACK 322
RECEIVED ACK 322
RECEIVED ACK 323
RECEIVED ACK 324
RECEIVED ACK 324
RECEIVED ACK 325
RECEIVED ACK 325
RECEIVED ACK 326
RECEIVED ACK 326
RECEIVED ACK 327
RECEIVED ACK 327
RECEIVED ACK 328
RECEIVED ACK 329
RECEIVED ACK 329
RECEIVED ACK 330
RECEIVED ACK 331
RECEIVED ACK 332
RECEIVED ACK 332
RECEIVED ACK 332
RECEIVED ACK 332
RECEIVED ACK 332
RECEIVED ACK 332
DOUBLE ACK 295
RECEIVED ACK 333
RECEIVED ACK 333
RECEIVED ACK 334
RECEIVED ACK 334
RECEIVED ACK 334
DOUBLE ACK 377
RECEIVED ACK 335
RECEIVED ACK 335
RECEIVED ACK 336
RECEIVED ACK 336
RECEIVED ACK 337
RECEIVED ACK 337
RECEIVED ACK 338
RECEIVED ACK 339
RECEIVED ACK 339
RECEIVED ACK 340
RECEIVED ACK 340
RECEIVED ACK 341
RECEIVED ACK 341
RECEIVED ACK 342
RECEIVED ACK 343
RECEIVED ACK 343
RECEIVED ACK 344
RECEIVED ACK 344
RECEIVED ACK 345
RECEIVED ACK 345
RECEIVED ACK 346
RECEIVED ACK 346
RECEIVED ACK 347
RECEIVED ACK 347
RECEIVED ACK 348
RECEIVED ACK 348
RECEIVED ACK 349
RECEIVED ACK 349
RECEIVED ACK 350
RECEIVED ACK 350
RECEIVED ACK 351
RECEIVED ACK 352
RECEIVED ACK 352
RECEIVED ACK 353
RECEIVED ACK 354
RECEIVED ACK 354
RECEIVED ACK 355
RECEIVED ACK 355
RECEIVED ACK 356
RECEIVED ACK 357
RECEIVED ACK 357
RECEIVED ACK 358
RECEIVED ACK 358
RECEIVED ACK 359
RECEIVED ACK 359
RECEIVED ACK 360
RECEIVED ACK 360
RECEIVED ACK 361
RECEIVED ACK 362
RECEIVED ACK 363
RECEIVED ACK 363
RECEIVED ACK 364
RECEIVED ACK 364
RECEIVED ACK 365
RECEIVED ACK 365
RECEIVED ACK 366
RECEIVED ACK 366
RECEIVED ACK 367
RECEIVED ACK 367
RECEIVED ACK 368
RECEIVED ACK 368
RECEIVED ACK 369
RECEIVED ACK 369
RECEIVED ACK 370
RECEIVED ACK 370
RECEIVED ACK 371
RECEIVED ACK 371
RECEIVED ACK 372
RECEIVED ACK 373
RECEIVED ACK 373
RECEIVED ACK 374
RECEIVED ACK 374
RECEIVED ACK 375
RECEIVED ACK 375
RECEIVED ACK 376
RECEIVED ACK 376
RECEIVED ACK 377
RECEIVED ACK 377
RECEIVED ACK 377
RECEIVED ACK 377
DOUBLE ACK 378
RECEIVED ACK 377
RECEIVED ACK 377
RECEIVED ACK 377
RECEIVED ACK 377
RECEIVED ACK 377
RECEIVED ACK 377
RECEIVED ACK 377
RECEIVED ACK 377
RECEIVED ACK 377
RECEIVED ACK 377
RECEIVED ACK 377
RECEIVED ACK 377
RECEIVED ACK 377
RECEIVED ACK 377
RECEIVED ACK 377
RECEIVED ACK 377
RECEIVED ACK 377
RECEIVED ACK 377
RECEIVED ACK 377
RECEIVED ACK 377
RECEIVED ACK 377
RECEIVED ACK 377
RECEIVED ACK 377
RECEIVED ACK 377
RECEIVED ACK 377
RECEIVED ACK 377
RECEIVED ACK 377
RECEIVED ACK 377
RECEIVED ACK 377
RECEIVED ACK 377
RECEIVED ACK 377
RECEIVED ACK 377
RECEIVED ACK 377
RECEIVED ACK 377
RECEIVED ACK 377
RECEIVED ACK 377
RECEIVED ACK 377
RECEIVED ACK 377
RECEIVED ACK 377
RECEIVED ACK 377
RECEIVED ACK 377
RECEIVED ACK 377
RECEIVED ACK 377
RECEIVED ACK 377
RECEIVED ACK 377
RECEIVED ACK 377
RECEIVED ACK 377
RECEIVED ACK 377
RECEIVED ACK 377
RECEIVED ACK 377
RECEIVED ACK 377
RECEIVED ACK 377
RECEIVED ACK 377
RECEIVED ACK 377
RECEIVED ACK 377
RECEIVED ACK 377
RECEIVED ACK 377
RECEIVED ACK 377
RECEIVED ACK 377
RECEIVED ACK 377
RECEIVED ACK 377
RECEIVED ACK 377
RECEIVED ACK 377
RECEIVED ACK 377
RECEIVED ACK 377
RECEIVED ACK 377
RECEIVED ACK 377
RECEIVED ACK 377
RECEIVED ACK 377
RECEIVED ACK 377
RECEIVED ACK 377
RECEIVED ACK 377
RECEIVED ACK 378
RECEIVED ACK 378
RECEIVED ACK 379
RECEIVED ACK 379
RECEIVED ACK 379
DOUBLE ACK 421
RECEIVED ACK 380
RECEIVED ACK 380
RECEIVED ACK 381
RECEIVED ACK 381
RECEIVED ACK 382
RECEIVED ACK 382
RECEIVED ACK 383
RECEIVED ACK 383
RECEIVED ACK 384
RECEIVED ACK 384
RECEIVED ACK 385
RECEIVED ACK 385
RECEIVED ACK 386
RECEIVED ACK 386
RECEIVED ACK 387
RECEIVED ACK 387
RECEIVED ACK 388
RECEIVED ACK 388
RECEIVED ACK 389
RECEIVED ACK 389
RECEIVED ACK 390
RECEIVED ACK 390
RECEIVED ACK 391
RECEIVED ACK 392
RECEIVED ACK 392
RECEIVED ACK 393
RECEIVED ACK 393
RECEIVED ACK 394
RECEIVED ACK 395
RECEIVED ACK 395
RECEIVED ACK 396
RECEIVED ACK 396
RECEIVED ACK 397
RECEIVED ACK 397
RECEIVED ACK 398
RECEIVED ACK 398
RECEIVED ACK 399
RECEIVED ACK 399
RECEIVED ACK 400
RECEIVED ACK 400
RECEIVED ACK 401
RECEIVED ACK 401
RECEIVED ACK 402
RECEIVED ACK 402
RECEIVED ACK 403
RECEIVED ACK 404
RECEIVED ACK 404
RECEIVED ACK 405
RECEIVED ACK 405
RECEIVED ACK 406
RECEIVED ACK 406
RECEIVED ACK 407
RECEIVED ACK 407
RECEIVED ACK 408
RECEIVED ACK 409
RECEIVED ACK 409
RECEIVED ACK 410
RECEIVED ACK 411
RECEIVED ACK 411
RECEIVED ACK 412
RECEIVED ACK 412
RECEIVED ACK 413
RECEIVED ACK 413
RECEIVED ACK 414
RECEIVED ACK 414
RECEIVED ACK 415
RECEIVED ACK 415
RECEIVED ACK 416
RECEIVED ACK 416
RECEIVED ACK 417
RECEIVED ACK 417
RECEIVED ACK 418
RECEIVED ACK 418
RECEIVED ACK 419
RECEIVED ACK 419
RECEIVED ACK 420
RECEIVED ACK 420
RECEIVED ACK 421
RECEIVED ACK 421
RECEIVED ACK 421
DOUBLE ACK 420
RECEIVED ACK 421
RECEIVED ACK 421
RECEIVED ACK 421
RECEIVED ACK 421
RECEIVED ACK 421
RECEIVED ACK 421
RECEIVED ACK 421
RECEIVED ACK 421
RECEIVED ACK 421
RECEIVED ACK 421
RECEIVED ACK 421
RECEIVED ACK 421
RECEIVED ACK 421
RECEIVED ACK 421
RECEIVED ACK 421
RECEIVED ACK 421
RECEIVED ACK 421
RECEIVED ACK 421
RECEIVED ACK 421
RECEIVED ACK 421
RECEIVED ACK 421
RECEIVED ACK 421
RECEIVED ACK 421
RECEIVED ACK 421
RECEIVED ACK 421
RECEIVED ACK 421
RECEIVED ACK 421
RECEIVED ACK 421
RECEIVED ACK 421
RECEIVED ACK 421
RECEIVED ACK 421
RECEIVED ACK 421
RECEIVED ACK 421
RECEIVED ACK 421
RECEIVED ACK 421
RECEIVED ACK 421
RECEIVED ACK 421
RECEIVED ACK 421
RECEIVED ACK 421
RECEIVED ACK 421
RECEIVED ACK 421
RECEIVED ACK 421
RECEIVED ACK 421
RECEIVED ACK 421
RECEIVED ACK 421
RECEIVED ACK 421
RECEIVED ACK 421
RECEIVED ACK 421
RECEIVED ACK 421
RECEIVED ACK 421
RECEIVED ACK 421
RECEIVED ACK 421
RECEIVED ACK 421
RECEIVED ACK 421
RECEIVED ACK 421
RECEIVED ACK 421
RECEIVED ACK 421
RECEIVED ACK 421
RECEIVED ACK 421
RECEIVED ACK 421
RECEIVED ACK 421
RECEIVED ACK 421
RECEIVED ACK 421
RECEIVED ACK 422
RECEIVED ACK 422
RECEIVED ACK 423
RECEIVED ACK 423
RECEIVED ACK 423
RECEIVED ACK 423
DOUBLE ACK 466
RECEIVED ACK 424
RECEIVED ACK 425
RECEIVED ACK 425
RECEIVED ACK 426
RECEIVED ACK 426
RECEIVED ACK 427
RECEIVED ACK 427
RECEIVED ACK 428
RECEIVED ACK 429
RECEIVED ACK 429
RECEIVED ACK 430
RECEIVED ACK 431
RECEIVED ACK 431
RECEIVED ACK 432
RECEIVED ACK 432
RECEIVED ACK 433
RECEIVED ACK 433
RECEIVED ACK 434
RECEIVED ACK 434
RECEIVED ACK 435
RECEIVED ACK 435
RECEIVED ACK 436
RECEIVED ACK 436
RECEIVED ACK 437
RECEIVED ACK 437
RECEIVED ACK 438
RECEIVED ACK 438
RECEIVED ACK 439
RECEIVED ACK 439
RECEIVED ACK 440
RECEIVED ACK 440
RECEIVED ACK 441
RECEIVED ACK 441
RECEIVED ACK 442
RECEIVED ACK 442
RECEIVED ACK 443
RECEIVED ACK 444
RECEIVED ACK 444
RECEIVED ACK 445
RECEIVED ACK 445
RECEIVED ACK 446
RECEIVED ACK 446
RECEIVED ACK 447
RECEIVED ACK 447
RECEIVED ACK 448
RECEIVED ACK 449
RECEIVED ACK 450
RECEIVED ACK 450
RECEIVED ACK 451
RECEIVED ACK 451
RECEIVED ACK 452
RECEIVED ACK 452
RECEIVED ACK 453
RECEIVED ACK 454
RECEIVED ACK 454
RECEIVED ACK 455
RECEIVED ACK 456
RECEIVED ACK 456
RECEIVED ACK 457
RECEIVED ACK 457
RECEIVED ACK 458
RECEIVED ACK 458
RECEIVED ACK 459
RECEIVED ACK 460
RECEIVED ACK 460
RECEIVED ACK 461
RECEIVED ACK 461
RECEIVED ACK 462
RECEIVED ACK 462
RECEIVED ACK 463
RECEIVED ACK 463
RECEIVED ACK 464
RECEIVED ACK 464
RECEIVED ACK 465
RECEIVED ACK 466
RECEIVED ACK 466
RECEIVED ACK 466
DOUBLE ACK 466
RECEIVED ACK 466
RECEIVED ACK 466
RECEIVED ACK 466
RECEIVED ACK 466
RECEIVED ACK 466
RECEIVED ACK 466
RECEIVED ACK 466
RECEIVED ACK 466
RECEIVED ACK 466
RECEIVED ACK 466
RECEIVED ACK 466
RECEIVED ACK 466
RECEIVED ACK 466
RECEIVED ACK 466
RECEIVED ACK 466
RECEIVED ACK 466
RECEIVED ACK 466
RECEIVED ACK 466
RECEIVED ACK 466
RECEIVED ACK 466
RECEIVED ACK 466
RECEIVED ACK 466
RECEIVED ACK 466
RECEIVED ACK 466
RECEIVED ACK 466
RECEIVED ACK 466
RECEIVED ACK 466
RECEIVED ACK 466
RECEIVED ACK 466
RECEIVED ACK 466
RECEIVED ACK 466
RECEIVED ACK 466
RECEIVED ACK 466
RECEIVED ACK 466
RECEIVED ACK 466
RECEIVED ACK 466
RECEIVED ACK 466
RECEIVED ACK 466
RECEIVED ACK 466
RECEIVED ACK 466
RECEIVED ACK 466
RECEIVED ACK 466
RECEIVED ACK 466
RECEIVED ACK 466
RECEIVED ACK 466
RECEIVED ACK 466
RECEIVED ACK 466
RECEIVED ACK 466
RECEIVED ACK 466
RECEIVED ACK 466
RECEIVED ACK 466
RECEIVED ACK 466
RECEIVED ACK 466
RECEIVED ACK 466
RECEIVED ACK 466
RECEIVED ACK 466
RECEIVED ACK 466
RECEIVED ACK 466
RECEIVED ACK 466
RECEIVED ACK 466
RECEIVED ACK 466
RECEIVED ACK 466
RECEIVED ACK 466
RECEIVED ACK 466
RECEIVED ACK 466
RECEIVED ACK 466
RECEIVED ACK 466
RECEIVED ACK 467
RECEIVED ACK 467
RECEIVED ACK 468
RECEIVED ACK 468
RECEIVED ACK 468
RECEIVED ACK 468
DOUBLE ACK 510
RECEIVED ACK 469
RECEIVED ACK 469
RECEIVED ACK 470
RECEIVED ACK 471
RECEIVED ACK 471
RECEIVED ACK 472
RECEIVED ACK 472
RECEIVED ACK 473
RECEIVED ACK 473
RECEIVED ACK 474
RECEIVED ACK 474
RECEIVED ACK 475
RECEIVED ACK 475
RECEIVED ACK 476
RECEIVED ACK 477
RECEIVED ACK 477
RECEIVED ACK 478
RECEIVED ACK 478
RECEIVED ACK 479
RECEIVED ACK 479
RECEIVED ACK 480
RECEIVED ACK 480
RECEIVED ACK 481
RECEIVED ACK 482
RECEIVED ACK 482
RECEIVED ACK 483
RECEIVED ACK 483
RECEIVED ACK 484
RECEIVED ACK 484
RECEIVED ACK 485
RECEIVED ACK 485
RECEIVED ACK 486
RECEIVED ACK 486
RECEIVED ACK 487
RECEIVED ACK 487
RECEIVED ACK 488
RECEIVED ACK 489
RECEIVED ACK 489
RECEIVED ACK 490
RECEIVED ACK 490
RECEIVED ACK 491
RECEIVED ACK 491
RECEIVED ACK 492
RECEIVED ACK 492
RECEIVED ACK 493
RECEIVED ACK 493
RECEIVED ACK 494
RECEIVED ACK 494
RECEIVED ACK 495
RECEIVED ACK 495
RECEIVED ACK 496
RECEIVED ACK 497
RECEIVED ACK 497
RECEIVED ACK 498
RECEIVED ACK 498
RECEIVED ACK 499
RECEIVED ACK 499
RECEIVED ACK 500
RECEIVED ACK 500
RECEIVED ACK 501
RECEIVED ACK 502
RECEIVED ACK 502
RECEIVED ACK 503
RECEIVED ACK 503
RECEIVED ACK 504
RECEIVED ACK 504
RECEIVED ACK 505
RECEIVED ACK 506
RECEIVED ACK 507
RECEIVED ACK 508
RECEIVED ACK 508
RECEIVED ACK 509
RECEIVED ACK 509
RECEIVED ACK 510
RECEIVED ACK 510
RECEIVED ACK 510
DOUBLE ACK 511
RECEIVED ACK 510
RECEIVED ACK 510
RECEIVED ACK 510
RECEIVED ACK 510
RECEIVED ACK 510
RECEIVED ACK 510
RECEIVED ACK 510
RECEIVED ACK 510
RECEIVED ACK 510
RECEIVED ACK 510
RECEIVED ACK 510
RECEIVED ACK 510
RECEIVED ACK 510
RECEIVED ACK 510
RECEIVED ACK 510
RECEIVED ACK 510
RECEIVED ACK 510
RECEIVED ACK 510
RECEIVED ACK 510
RECEIVED ACK 510
RECEIVED ACK 510
RECEIVED ACK 510
RECEIVED ACK 510
RECEIVED ACK 510
RECEIVED ACK 510
RECEIVED ACK 510
RECEIVED ACK 510
RECEIVED ACK 510
RECEIVED ACK 510
RECEIVED ACK 510
RECEIVED ACK 510
RECEIVED ACK 510
RECEIVED ACK 510
RECEIVED ACK 510
RECEIVED ACK 510
RECEIVED ACK 510
RECEIVED ACK 510
RECEIVED ACK 510
RECEIVED ACK 510
RECEIVED ACK 510
RECEIVED ACK 510
RECEIVED ACK 510
RECEIVED ACK 510
RECEIVED ACK 510
RECEIVED ACK 510
RECEIVED ACK 510
RECEIVED ACK 510
RECEIVED ACK 510
RECEIVED ACK 510
RECEIVED ACK 510
RECEIVED ACK 510
RECEIVED ACK 510
RECEIVED ACK 510
RECEIVED ACK 510
RECEIVED ACK 510
RECEIVED ACK 510
RECEIVED ACK 510
RECEIVED ACK 510
RECEIVED ACK 510
RECEIVED ACK 510
RECEIVED ACK 510
RECEIVED ACK 510
RECEIVED ACK 510
RECEIVED ACK 510
RECEIVED ACK 510
RECEIVED ACK 510
RECEIVED ACK 510
RECEIVED ACK 510
RECEIVED ACK 510
RECEIVED ACK 510
RECEIVED ACK 510
RECEIVED ACK 510
RECEIVED ACK 511
RECEIVED ACK 512
RECEIVED ACK 512
RECEIVED ACK 512
DOUBLE ACK 554
RECEIVED ACK 513
RECEIVED ACK 513
RECEIVED ACK 514
RECEIVED ACK 514
RECEIVED ACK 515
RECEIVED ACK 515
RECEIVED ACK 516
RECEIVED ACK 516
RECEIVED ACK 517
RECEIVED ACK 517
RECEIVED ACK 518
RECEIVED ACK 519
RECEIVED ACK 520
RECEIVED ACK 520
RECEIVED ACK 521
RECEIVED ACK 522
RECEIVED ACK 522
RECEIVED ACK 523
RECEIVED ACK 523
RECEIVED ACK 524
RECEIVED ACK 524
RECEIVED ACK 525
RECEIVED ACK 525
RECEIVED ACK 526
RECEIVED ACK 527
RECEIVED ACK 527
RECEIVED ACK 528
RECEIVED ACK 528
RECEIVED ACK 529
RECEIVED ACK 529
RECEIVED ACK 530
RECEIVED ACK 530
RECEIVED ACK 531
RECEIVED ACK 531
RECEIVED ACK 532
RECEIVED ACK 533
RECEIVED ACK 533
RECEIVED ACK 534
RECEIVED ACK 535
RECEIVED ACK 535
RECEIVED ACK 536
RECEIVED ACK 536
RECEIVED ACK 537
RECEIVED ACK 538
RECEIVED ACK 538
RECEIVED ACK 539
RECEIVED ACK 539
RECEIVED ACK 540
RECEIVED ACK 540
RECEIVED ACK 541
RECEIVED ACK 541
RECEIVED ACK 542
RECEIVED ACK 542
RECEIVED ACK 543
RECEIVED ACK 543
RECEIVED ACK 544
RECEIVED ACK 544
RECEIVED ACK 545
RECEIVED ACK 545
RECEIVED ACK 546
RECEIVED ACK 546
RECEIVED ACK 547
RECEIVED ACK 548
RECEIVED ACK 548
RECEIVED ACK 549
RECEIVED ACK 549
RECEIVED ACK 550
RECEIVED ACK 550
RECEIVED ACK 551
RECEIVED ACK 551
RECEIVED ACK 552
RECEIVED ACK 552
RECEIVED ACK 553
RECEIVED ACK 553
RECEIVED ACK 554
RECEIVED ACK 554
RECEIVED ACK 554
DOUBLE ACK 556
RECEIVED ACK 554
RECEIVED ACK 554
RECEIVED ACK 554
RECEIVED ACK 554
RECEIVED ACK 554
RECEIVED ACK 554
RECEIVED ACK 554
RECEIVED ACK 554
RECEIVED ACK 554
RECEIVED ACK 554
RECEIVED ACK 554
RECEIVED ACK 554
RECEIVED ACK 554
RECEIVED ACK 554
RECEIVED ACK 554
RECEIVED ACK 554
RECEIVED ACK 554
RECEIVED ACK 554
RECEIVED ACK 554
RECEIVED ACK 554
RECEIVED ACK 554
RECEIVED ACK 554
RECEIVED ACK 554
RECEIVED ACK 554
RECEIVED ACK 554
RECEIVED ACK 554
RECEIVED ACK 554
RECEIVED ACK 554
RECEIVED ACK 554
RECEIVED ACK 554
RECEIVED ACK 554
RECEIVED ACK 554
RECEIVED ACK 554
RECEIVED ACK 554
RECEIVED ACK 554
RECEIVED ACK 554
RECEIVED ACK 554
RECEIVED ACK 554
RECEIVED ACK 554
RECEIVED ACK 554
RECEIVED ACK 554
RECEIVED ACK 554
RECEIVED ACK 554
RECEIVED ACK 554
RECEIVED ACK 554
RECEIVED ACK 554
RECEIVED ACK 554
RECEIVED ACK 554
RECEIVED ACK 554
RECEIVED ACK 554
RECEIVED ACK 554
RECEIVED ACK 554
RECEIVED ACK 554
RECEIVED ACK 554
RECEIVED ACK 554
RECEIVED ACK 554
RECEIVED ACK 554
RECEIVED ACK 554
RECEIVED ACK 554
RECEIVED ACK 554
RECEIVED ACK 554
RECEIVED ACK 554
RECEIVED ACK 554
RECEIVED ACK 554
RECEIVED ACK 554
RECEIVED ACK 554
RECEIVED ACK 554
RECEIVED ACK 554
RECEIVED ACK 554
RECEIVED ACK 554
RECEIVED ACK 554
RECEIVED ACK 554
RECEIVED ACK 554
RECEIVED ACK 554
RECEIVED ACK 554
RECEIVED ACK 554
RECEIVED ACK 555
RECEIVED ACK 556
RECEIVED ACK 556
RECEIVED ACK 556
DOUBLE ACK 598
RECEIVED ACK 556
RECEIVED ACK 557
RECEIVED ACK 557
RECEIVED ACK 558
RECEIVED ACK 558
RECEIVED ACK 559
RECEIVED ACK 559
RECEIVED ACK 560
RECEIVED ACK 560
RECEIVED ACK 561
RECEIVED ACK 561
RECEIVED ACK 562
RECEIVED ACK 562
RECEIVED ACK 563
RECEIVED ACK 563
RECEIVED ACK 564
RECEIVED ACK 564
RECEIVED ACK 565
RECEIVED ACK 565
RECEIVED ACK 566
RECEIVED ACK 566
RECEIVED ACK 567
RECEIVED ACK 567
RECEIVED ACK 568
RECEIVED ACK 568
RECEIVED ACK 569
RECEIVED ACK 569
RECEIVED ACK 570
RECEIVED ACK 570
RECEIVED ACK 571
RECEIVED ACK 571
RECEIVED ACK 572
RECEIVED ACK 572
RECEIVED ACK 573
RECEIVED ACK 573
RECEIVED ACK 574
RECEIVED ACK 574
RECEIVED ACK 575
RECEIVED ACK 575
RECEIVED ACK 576
RECEIVED ACK 576
RECEIVED ACK 577
RECEIVED ACK 577
RECEIVED ACK 578
RECEIVED ACK 578
RECEIVED ACK 578
RECEIVED ACK 578
RECEIVED ACK 578
RECEIVED ACK 578
RECEIVED ACK 578
RECEIVED ACK 578
RECEIVED ACK 578
RECEIVED ACK 578
RECEIVED ACK 578
RECEIVED ACK 578
RECEIVED ACK 578
RECEIVED ACK 578
RECEIVED ACK 578
RECEIVED ACK 578
RECEIVED ACK 578
RECEIVED ACK 578
RECEIVED ACK 578
RECEIVED ACK 578
RECEIVED ACK 578
RECEIVED ACK 578
RECEIVED ACK 578
RECEIVED ACK 578
RECEIVED ACK 578
RECEIVED ACK 578
RECEIVED ACK 578
RECEIVED ACK 578
RECEIVED ACK 578
RECEIVED ACK 578
RECEIVED ACK 578
RECEIVED ACK 578
RECEIVED ACK 578
RECEIVED ACK 578
DOUBLE ACK 558
RECEIVED ACK 579
RECEIVED ACK 579
RECEIVED ACK 580
RECEIVED ACK 580
RECEIVED ACK 580
DOUBLE ACK 622
RECEIVED ACK 581
RECEIVED ACK 581
RECEIVED ACK 582
RECEIVED ACK 582
RECEIVED ACK 582
RECEIVED ACK 582
RECEIVED ACK 582
RECEIVED ACK 582
RECEIVED ACK 582
RECEIVED ACK 582
RECEIVED ACK 582
RECEIVED ACK 582
RECEIVED ACK 582
RECEIVED ACK 582
RECEIVED ACK 582
RECEIVED ACK 582
RECEIVED ACK 582
RECEIVED ACK 582
RECEIVED ACK 582
RECEIVED ACK 582
RECEIVED ACK 582
RECEIVED ACK 582
RECEIVED ACK 582
RECEIVED ACK 582
RECEIVED ACK 582
RECEIVED ACK 582
RECEIVED ACK 582
RECEIVED ACK 582
RECEIVED ACK 582
RECEIVED ACK 582
RECEIVED ACK 582
RECEIVED ACK 582
RECEIVED ACK 582
RECEIVED ACK 582
RECEIVED ACK 582
RECEIVED ACK 582
RECEIVED ACK 582
RECEIVED ACK 582
RECEIVED ACK 582
RECEIVED ACK 582
RECEIVED ACK 582
RECEIVED ACK 582
RECEIVED ACK 582
RECEIVED ACK 582
RECEIVED ACK 582
RECEIVED ACK 582
RECEIVED ACK 582
RECEIVED ACK 582
RECEIVED ACK 582
RECEIVED ACK 582
RECEIVED ACK 582
RECEIVED ACK 582
RECEIVED ACK 582
RECEIVED ACK 582
RECEIVED ACK 582
DOUBLE ACK 582
RECEIVED ACK 582
RECEIVED ACK 582
RECEIVED ACK 582
RECEIVED ACK 582
RECEIVED ACK 582
RECEIVED ACK 582
RECEIVED ACK 582
RECEIVED ACK 582
RECEIVED ACK 582
RECEIVED ACK 582
RECEIVED ACK 582
RECEIVED ACK 582
RECEIVED ACK 582
RECEIVED ACK 582
RECEIVED ACK 582
RECEIVED ACK 582
RECEIVED ACK 582
RECEIVED ACK 582
RECEIVED ACK 583
RECEIVED ACK 584
RECEIVED ACK 584
RECEIVED ACK 584
DOUBLE ACK 626
RECEIVED ACK 585
RECEIVED ACK 585
RECEIVED ACK 586
RECEIVED ACK 586
RECEIVED ACK 587
RECEIVED ACK 587
RECEIVED ACK 588
RECEIVED ACK 589
RECEIVED ACK 589
RECEIVED ACK 590
RECEIVED ACK 590
RECEIVED ACK 591
RECEIVED ACK 591
RECEIVED ACK 592
RECEIVED ACK 592
RECEIVED ACK 593
RECEIVED ACK 593
RECEIVED ACK 594
RECEIVED ACK 594
RECEIVED ACK 595
RECEIVED ACK 595
RECEIVED ACK 596
RECEIVED ACK 596
RECEIVED ACK 597
RECEIVED ACK 598
RECEIVED ACK 598
RECEIVED ACK 599
RECEIVED ACK 599
RECEIVED ACK 600
RECEIVED ACK 600
RECEIVED ACK 601
RECEIVED ACK 601
RECEIVED ACK 601
RECEIVED ACK 601
RECEIVED ACK 601
RECEIVED ACK 601
RECEIVED ACK 601
RECEIVED ACK 601
RECEIVED ACK 601
RECEIVED ACK 601
RECEIVED ACK 601
RECEIVED ACK 601
RECEIVED ACK 601
RECEIVED ACK 601
RECEIVED ACK 601
RECEIVED ACK 601
RECEIVED ACK 601
RECEIVED ACK 601
RECEIVED ACK 601
RECEIVED ACK 601
RECEIVED ACK 601
RECEIVED ACK 601
RECEIVED ACK 601
RECEIVED ACK 601
RECEIVED ACK 601
RECEIVED ACK 601
RECEIVED ACK 601
RECEIVED ACK 601
RECEIVED ACK 601
RECEIVED ACK 601
RECEIVED ACK 601
RECEIVED ACK 601
RECEIVED ACK 601
RECEIVED ACK 601
RECEIVED ACK 601
RECEIVED ACK 601
RECEIVED ACK 601
RECEIVED ACK 601
RECEIVED ACK 601
RECEIVED ACK 601
RECEIVED ACK 601
RECEIVED ACK 601
RECEIVED ACK 601
RECEIVED ACK 601
RECEIVED ACK 601
RECEIVED ACK 601
DOUBLE ACK 586
RECEIVED ACK 602
RECEIVED ACK 602
RECEIVED ACK 603
RECEIVED ACK 603
RECEIVED ACK 603
RECEIVED ACK 603
DOUBLE ACK 644
RECEIVED ACK 604
RECEIVED ACK 604
RECEIVED ACK 605
RECEIVED ACK 605
RECEIVED ACK 606
RECEIVED ACK 606
RECEIVED ACK 607
RECEIVED ACK 607
RECEIVED ACK 608
RECEIVED ACK 608
RECEIVED ACK 609
RECEIVED ACK 609
RECEIVED ACK 610
RECEIVED ACK 610
RECEIVED ACK 611
RECEIVED ACK 611
RECEIVED ACK 612
RECEIVED ACK 613
RECEIVED ACK 613
RECEIVED ACK 614
RECEIVED ACK 615
RECEIVED ACK 615
RECEIVED ACK 616
RECEIVED ACK 616
RECEIVED ACK 617
RECEIVED ACK 617
RECEIVED ACK 618
RECEIVED ACK 618
RECEIVED ACK 619
RECEIVED ACK 619
RECEIVED ACK 620
RECEIVED ACK 620
RECEIVED ACK 621
RECEIVED ACK 621
RECEIVED ACK 622
RECEIVED ACK 622
RECEIVED ACK 623
RECEIVED ACK 623
RECEIVED ACK 624
RECEIVED ACK 624
RECEIVED ACK 625
RECEIVED ACK 626
RECEIVED ACK 626
RECEIVED ACK 627
RECEIVED ACK 628
RECEIVED ACK 628
RECEIVED ACK 629
RECEIVED ACK 629
RECEIVED ACK 630
RECEIVED ACK 630
RECEIVED ACK 631
RECEIVED ACK 631
RECEIVED ACK 632
RECEIVED ACK 632
RECEIVED ACK 633
RECEIVED ACK 633
RECEIVED ACK 634
RECEIVED ACK 634
RECEIVED ACK 635
RECEIVED ACK 636
RECEIVED ACK 637
RECEIVED ACK 637
RECEIVED ACK 638
RECEIVED ACK 638
RECEIVED ACK 639
RECEIVED ACK 639
RECEIVED ACK 640
RECEIVED ACK 640
RECEIVED ACK 641
RECEIVED ACK 641
RECEIVED ACK 642
RECEIVED ACK 642
RECEIVED ACK 643
RECEIVED ACK 644
RECEIVED ACK 644
RECEIVED ACK 644
DOUBLE ACK 646
RECEIVED ACK 644
RECEIVED ACK 644
RECEIVED ACK 644
RECEIVED ACK 644
RECEIVED ACK 644
RECEIVED ACK 644
RECEIVED ACK 644
RECEIVED ACK 644
RECEIVED ACK 644
RECEIVED ACK 644
RECEIVED ACK 644
RECEIVED ACK 644
RECEIVED ACK 644
RECEIVED ACK 644
RECEIVED ACK 644
RECEIVED ACK 644
RECEIVED ACK 644
RECEIVED ACK 644
RECEIVED ACK 644
RECEIVED ACK 644
RECEIVED ACK 644
RECEIVED ACK 644
RECEIVED ACK 644
RECEIVED ACK 644
RECEIVED ACK 644
RECEIVED ACK 644
RECEIVED ACK 644
RECEIVED ACK 644
RECEIVED ACK 644
RECEIVED ACK 644
RECEIVED ACK 644
RECEIVED ACK 644
RECEIVED ACK 644
RECEIVED ACK 644
RECEIVED ACK 644
RECEIVED ACK 644
RECEIVED ACK 644
RECEIVED ACK 644
RECEIVED ACK 644
RECEIVED ACK 644
RECEIVED ACK 644
RECEIVED ACK 644
RECEIVED ACK 644
RECEIVED ACK 644
RECEIVED ACK 644
RECEIVED ACK 644
RECEIVED ACK 644
RECEIVED ACK 644
RECEIVED ACK 644
RECEIVED ACK 644
RECEIVED ACK 644
RECEIVED ACK 644
RECEIVED ACK 644
RECEIVED ACK 644
RECEIVED ACK 644
RECEIVED ACK 644
RECEIVED ACK 644
RECEIVED ACK 644
RECEIVED ACK 644
RECEIVED ACK 644
RECEIVED ACK 644
RECEIVED ACK 644
RECEIVED ACK 644
RECEIVED ACK 644
RECEIVED ACK 644
RECEIVED ACK 644
RECEIVED ACK 645
RECEIVED ACK 645
RECEIVED ACK 646
RECEIVED ACK 646
RECEIVED ACK 646
DOUBLE ACK 688
RECEIVED ACK 646
RECEIVED ACK 647
RECEIVED ACK 648
RECEIVED ACK 648
RECEIVED ACK 649
RECEIVED ACK 649
RECEIVED ACK 650
RECEIVED ACK 651
RECEIVED ACK 651
RECEIVED ACK 652
RECEIVED ACK 652
RECEIVED ACK 653
RECEIVED ACK 653
RECEIVED ACK 654
RECEIVED ACK 654
RECEIVED ACK 655
RECEIVED ACK 655
RECEIVED ACK 656
RECEIVED ACK 656
RECEIVED ACK 657
RECEIVED ACK 657
RECEIVED ACK 658
RECEIVED ACK 658
RECEIVED ACK 659
RECEIVED ACK 659
RECEIVED ACK 660
RECEIVED ACK 660
RECEIVED ACK 661
RECEIVED ACK 661
RECEIVED ACK 661
RECEIVED ACK 661
RECEIVED ACK 661
RECEIVED ACK 661
RECEIVED ACK 661
RECEIVED ACK 661
RECEIVED ACK 661
RECEIVED ACK 661
RECEIVED ACK 661
RECEIVED ACK 661
RECEIVED ACK 661
RECEIVED ACK 661
RECEIVED ACK 661
RECEIVED ACK 661
RECEIVED ACK 661
RECEIVED ACK 661
RECEIVED ACK 661
RECEIVED ACK 661
RECEIVED ACK 661
RECEIVED ACK 661
RECEIVED ACK 661
RECEIVED ACK 661
RECEIVED ACK 661
RECEIVED ACK 661
RECEIVED ACK 661
RECEIVED ACK 661
RECEIVED ACK 661
RECEIVED ACK 661
RECEIVED ACK 661
RECEIVED ACK 661
RECEIVED ACK 661
RECEIVED ACK 661
RECEIVED ACK 661
RECEIVED ACK 661
RECEIVED ACK 661
RECEIVED ACK 661
RECEIVED ACK 661
RECEIVED ACK 661
RECEIVED ACK 661
RECEIVED ACK 661
RECEIVED ACK 661
RECEIVED ACK 661
RECEIVED ACK 661
RECEIVED ACK 661
DOUBLE ACK 648
RECEIVED ACK 662
RECEIVED ACK 662
RECEIVED ACK 663
RECEIVED ACK 663
RECEIVED ACK 663
DOUBLE ACK 703
RECEIVED ACK 663
RECEIVED ACK 664
RECEIVED ACK 664
RECEIVED ACK 665
RECEIVED ACK 665
RECEIVED ACK 666
RECEIVED ACK 666
RECEIVED ACK 667
RECEIVED ACK 667
RECEIVED ACK 668
RECEIVED ACK 668
RECEIVED ACK 669
RECEIVED ACK 669
RECEIVED ACK 670
RECEIVED ACK 670
RECEIVED ACK 671
RECEIVED ACK 671
RECEIVED ACK 671
RECEIVED ACK 671
RECEIVED ACK 671
RECEIVED ACK 671
RECEIVED ACK 671
RECEIVED ACK 671
RECEIVED ACK 671
RECEIVED ACK 671
RECEIVED ACK 671
RECEIVED ACK 671
RECEIVED ACK 671
RECEIVED ACK 671
RECEIVED ACK 671
RECEIVED ACK 671
RECEIVED ACK 671
RECEIVED ACK 671
RECEIVED ACK 671
RECEIVED ACK 671
RECEIVED ACK 671
RECEIVED ACK 671
RECEIVED ACK 671
RECEIVED ACK 671
RECEIVED ACK 671
RECEIVED ACK 671
RECEIVED ACK 671
RECEIVED ACK 671
RECEIVED ACK 671
RECEIVED ACK 671
RECEIVED ACK 671
RECEIVED ACK 671
RECEIVED ACK 671
RECEIVED ACK 671
RECEIVED ACK 671
RECEIVED ACK 671
RECEIVED ACK 671
RECEIVED ACK 671
RECEIVED ACK 671
RECEIVED ACK 671
RECEIVED ACK 671
RECEIVED ACK 671
RECEIVED ACK 671
RECEIVED ACK 671
RECEIVED ACK 671
RECEIVED ACK 671
RECEIVED ACK 671
RECEIVED ACK 671
RECEIVED ACK 671
RECEIVED ACK 671
RECEIVED ACK 671
RECEIVED ACK 671
RECEIVED ACK 671
RECEIVED ACK 671
RECEIVED ACK 671
RECEIVED ACK 671
DOUBLE ACK 665
RECEIVED ACK 672
RECEIVED ACK 672
RECEIVED ACK 673
RECEIVED ACK 673
RECEIVED ACK 673
DOUBLE ACK 715
RECEIVED ACK 673
RECEIVED ACK 674
RECEIVED ACK 675
RECEIVED ACK 675
RECEIVED ACK 676
RECEIVED ACK 677
RECEIVED ACK 677
RECEIVED ACK 678
RECEIVED ACK 678
RECEIVED ACK 679
RECEIVED ACK 679
RECEIVED ACK 680
RECEIVED ACK 680
RECEIVED ACK 681
RECEIVED ACK 681
RECEIVED ACK 682
RECEIVED ACK 682
RECEIVED ACK 683
RECEIVED ACK 683
RECEIVED ACK 684
RECEIVED ACK 684
RECEIVED ACK 685
RECEIVED ACK 686
RECEIVED ACK 686
RECEIVED ACK 687
RECEIVED ACK 687
RECEIVED ACK 688
RECEIVED ACK 689
RECEIVED ACK 690
RECEIVED ACK 690
RECEIVED ACK 691
RECEIVED ACK 691
RECEIVED ACK 692
RECEIVED ACK 692
RECEIVED ACK 693
RECEIVED ACK 693
RECEIVED ACK 694
RECEIVED ACK 694
RECEIVED ACK 695
RECEIVED ACK 695
RECEIVED ACK 696
RECEIVED ACK 696
RECEIVED ACK 697
RECEIVED ACK 697
RECEIVED ACK 698
RECEIVED ACK 698
RECEIVED ACK 699
RECEIVED ACK 699
RECEIVED ACK 700
RECEIVED ACK 700
RECEIVED ACK 701
RECEIVED ACK 701
RECEIVED ACK 702
RECEIVED ACK 702
RECEIVED ACK 703
RECEIVED ACK 703
RECEIVED ACK 704
RECEIVED ACK 704
RECEIVED ACK 705
RECEIVED ACK 706
RECEIVED ACK 706
RECEIVED ACK 707
RECEIVED ACK 707
RECEIVED ACK 708
RECEIVED ACK 708
RECEIVED ACK 709
RECEIVED ACK 709
RECEIVED ACK 710
RECEIVED ACK 710
RECEIVED ACK 711
RECEIVED ACK 711
RECEIVED ACK 712
RECEIVED ACK 713
RECEIVED ACK 713
RECEIVED ACK 714
RECEIVED ACK 714
RECEIVED ACK 715
RECEIVED ACK 715
RECEIVED ACK 715
RECEIVED ACK 715
DOUBLE ACK 718
RECEIVED ACK 715
RECEIVED ACK 715
RECEIVED ACK 715
RECEIVED ACK 715
RECEIVED ACK 715
RECEIVED ACK 715
RECEIVED ACK 715
RECEIVED ACK 715
RECEIVED ACK 715
RECEIVED ACK 715
RECEIVED ACK 715
RECEIVED ACK 715
RECEIVED ACK 715
RECEIVED ACK 715
RECEIVED ACK 715
RECEIVED ACK 715
RECEIVED ACK 715
RECEIVED ACK 715
RECEIVED ACK 715
RECEIVED ACK 715
RECEIVED ACK 715
RECEIVED ACK 715
RECEIVED ACK 715
RECEIVED ACK 715
RECEIVED ACK 715
RECEIVED ACK 715
RECEIVED ACK 715
RECEIVED ACK 715
RECEIVED ACK 715
RECEIVED ACK 715
RECEIVED ACK 715
RECEIVED ACK 715
RECEIVED ACK 715
RECEIVED ACK 715
RECEIVED ACK 715
RECEIVED ACK 715
RECEIVED ACK 715
RECEIVED ACK 715
RECEIVED ACK 715
RECEIVED ACK 715
RECEIVED ACK 715
RECEIVED ACK 715
RECEIVED ACK 715
RECEIVED ACK 715
RECEIVED ACK 715
RECEIVED ACK 715
RECEIVED ACK 715
RECEIVED ACK 715
RECEIVED ACK 715
RECEIVED ACK 715
RECEIVED ACK 715
RECEIVED ACK 715
RECEIVED ACK 715
RECEIVED ACK 715
RECEIVED ACK 715
RECEIVED ACK 715
RECEIVED ACK 715
RECEIVED ACK 715
RECEIVED ACK 715
RECEIVED ACK 715
RECEIVED ACK 715
RECEIVED ACK 715
RECEIVED ACK 715
RECEIVED ACK 715
RECEIVED ACK 715
RECEIVED ACK 715
RECEIVED ACK 715
RECEIVED ACK 715
RECEIVED ACK 715
RECEIVED ACK 715
RECEIVED ACK 716
RECEIVED ACK 716
RECEIVED ACK 717
RECEIVED ACK 717
RECEIVED ACK 718
RECEIVED ACK 718
RECEIVED ACK 718
DOUBLE ACK 760
RECEIVED ACK 718
RECEIVED ACK 718
RECEIVED ACK 719
RECEIVED ACK 719
RECEIVED ACK 720
RECEIVED ACK 720
RECEIVED ACK 721
RECEIVED ACK 721
RECEIVED ACK 722
RECEIVED ACK 722
RECEIVED ACK 723
RECEIVED ACK 723
RECEIVED ACK 724
RECEIVED ACK 724
RECEIVED ACK 725
RECEIVED ACK 726
RECEIVED ACK 727
RECEIVED ACK 727
RECEIVED ACK 728
RECEIVED ACK 729
RECEIVED ACK 729
RECEIVED ACK 730
RECEIVED ACK 730
RECEIVED ACK 731
RECEIVED ACK 731
RECEIVED ACK 732
RECEIVED ACK 732
RECEIVED ACK 733
RECEIVED ACK 733
RECEIVED ACK 734
RECEIVED ACK 734
RECEIVED ACK 735
RECEIVED ACK 736
RECEIVED ACK 736
RECEIVED ACK 737
RECEIVED ACK 737
RECEIVED ACK 738
RECEIVED ACK 739
RECEIVED ACK 739
RECEIVED ACK 740
RECEIVED ACK 740
RECEIVED ACK 741
RECEIVED ACK 741
RECEIVED ACK 742
RECEIVED ACK 742
RECEIVED ACK 743
RECEIVED ACK 743
RECEIVED ACK 744
RECEIVED ACK 744
RECEIVED ACK 745
RECEIVED ACK 745
RECEIVED ACK 746
RECEIVED ACK 747
RECEIVED ACK 747
RECEIVED ACK 748
RECEIVED ACK 748
RECEIVED ACK 749
RECEIVED ACK 749
RECEIVED ACK 750
RECEIVED ACK 750
RECEIVED ACK 751
RECEIVED ACK 751
RECEIVED ACK 752
RECEIVED ACK 752
RECEIVED ACK 753
RECEIVED ACK 753
RECEIVED ACK 754
RECEIVED ACK 754
RECEIVED ACK 755
RECEIVED ACK 755
RECEIVED ACK 756
RECEIVED ACK 756
RECEIVED ACK 757
RECEIVED ACK 758
RECEIVED ACK 759
RECEIVED ACK 759
RECEIVED ACK 760
RECEIVED ACK 760
RECEIVED ACK 760
DOUBLE ACK 762
RECEIVED ACK 760
RECEIVED ACK 760
RECEIVED ACK 760
RECEIVED ACK 760
RECEIVED ACK 760
RECEIVED ACK 760
RECEIVED ACK 760
RECEIVED ACK 760
RECEIVED ACK 760
RECEIVED ACK 760
RECEIVED ACK 760
RECEIVED ACK 760
RECEIVED ACK 760
RECEIVED ACK 760
RECEIVED ACK 760
RECEIVED ACK 760
RECEIVED ACK 760
RECEIVED ACK 760
RECEIVED ACK 760
RECEIVED ACK 760
RECEIVED ACK 760
RECEIVED ACK 760
RECEIVED ACK 760
RECEIVED ACK 760
RECEIVED ACK 760
RECEIVED ACK 760
RECEIVED ACK 760
RECEIVED ACK 760
RECEIVED ACK 760
RECEIVED ACK 760
RECEIVED ACK 760
RECEIVED ACK 760
RECEIVED ACK 760
RECEIVED ACK 760
RECEIVED ACK 760
RECEIVED ACK 760
RECEIVED ACK 760
RECEIVED ACK 760
RECEIVED ACK 760
RECEIVED ACK 760
RECEIVED ACK 760
RECEIVED ACK 760
RECEIVED ACK 760
RECEIVED ACK 760
RECEIVED ACK 760
RECEIVED ACK 760
RECEIVED ACK 760
RECEIVED ACK 760
RECEIVED ACK 760
RECEIVED ACK 760
RECEIVED ACK 760
RECEIVED ACK 760
RECEIVED ACK 760
RECEIVED ACK 760
RECEIVED ACK 760
RECEIVED ACK 760
RECEIVED ACK 760
RECEIVED ACK 760
RECEIVED ACK 760
RECEIVED ACK 760
RECEIVED ACK 760
RECEIVED ACK 760
RECEIVED ACK 760
RECEIVED ACK 760
RECEIVED ACK 760
RECEIVED ACK 760
RECEIVED ACK 760
RECEIVED ACK 760
RECEIVED ACK 760
RECEIVED ACK 760
RECEIVED ACK 760
RECEIVED ACK 760
RECEIVED ACK 760
RECEIVED ACK 761
RECEIVED ACK 761
RECEIVED ACK 762
RECEIVED ACK 762
RECEIVED ACK 762
RECEIVED ACK 762
DOUBLE ACK 805
RECEIVED ACK 763
RECEIVED ACK 763
RECEIVED ACK 764
RECEIVED ACK 764
RECEIVED ACK 765
RECEIVED ACK 765
RECEIVED ACK 766
RECEIVED ACK 767
RECEIVED ACK 767
RECEIVED ACK 768
RECEIVED ACK 768
RECEIVED ACK 769
RECEIVED ACK 769
RECEIVED ACK 770
RECEIVED ACK 770
RECEIVED ACK 771
RECEIVED ACK 771
RECEIVED ACK 772
RECEIVED ACK 772
RECEIVED ACK 773
RECEIVED ACK 773
RECEIVED ACK 774
RECEIVED ACK 774
RECEIVED ACK 775
RECEIVED ACK 776
RECEIVED ACK 777
RECEIVED ACK 777
RECEIVED ACK 778
RECEIVED ACK 778
RECEIVED ACK 779
RECEIVED ACK 779
RECEIVED ACK 780
RECEIVED ACK 780
RECEIVED ACK 781
RECEIVED ACK 781
RECEIVED ACK 782
RECEIVED ACK 783
RECEIVED ACK 783
RECEIVED ACK 784
RECEIVED ACK 784
RECEIVED ACK 785
RECEIVED ACK 785
RECEIVED ACK 786
RECEIVED ACK 786
RECEIVED ACK 787
RECEIVED ACK 787
RECEIVED ACK 788
RECEIVED ACK 788
RECEIVED ACK 789
RECEIVED ACK 790
RECEIVED ACK 791
RECEIVED ACK 791
RECEIVED ACK 792
RECEIVED ACK 793
RECEIVED ACK 793
RECEIVED ACK 794
RECEIVED ACK 794
RECEIVED ACK 795
RECEIVED ACK 795
RECEIVED ACK 796
RECEIVED ACK 796
RECEIVED ACK 797
RECEIVED ACK 797
RECEIVED ACK 797
RECEIVED ACK 797
RECEIVED ACK 797
RECEIVED ACK 797
RECEIVED ACK 797
RECEIVED ACK 797
RECEIVED ACK 797
RECEIVED ACK 797
RECEIVED ACK 797
RECEIVED ACK 797
RECEIVED ACK 797
DOUBLE ACK 764
RECEIVED ACK 798
RECEIVED ACK 798
RECEIVED ACK 799
RECEIVED ACK 799
RECEIVED ACK 799
DOUBLE ACK 840
RECEIVED ACK 800
RECEIVED ACK 800
RECEIVED ACK 801
RECEIVED ACK 801
RECEIVED ACK 802
RECEIVED ACK 802
RECEIVED ACK 803
RECEIVED ACK 803
RECEIVED ACK 804
RECEIVED ACK 804
RECEIVED ACK 805
RECEIVED ACK 805
RECEIVED ACK 806
RECEIVED ACK 806
RECEIVED ACK 807
RECEIVED ACK 807
RECEIVED ACK 808
RECEIVED ACK 808
RECEIVED ACK 809
RECEIVED ACK 809
RECEIVED ACK 810
RECEIVED ACK 810
RECEIVED ACK 811
RECEIVED ACK 811
RECEIVED ACK 812
RECEIVED ACK 812
RECEIVED ACK 813
RECEIVED ACK 813
RECEIVED ACK 814
RECEIVED ACK 814
RECEIVED ACK 815
RECEIVED ACK 815
RECEIVED ACK 816
RECEIVED ACK 816
RECEIVED ACK 817
RECEIVED ACK 817
RECEIVED ACK 818
RECEIVED ACK 818
RECEIVED ACK 819
RECEIVED ACK 820
RECEIVED ACK 821
RECEIVED ACK 822
RECEIVED ACK 822
RECEIVED ACK 823
RECEIVED ACK 824
RECEIVED ACK 824
RECEIVED ACK 825
RECEIVED ACK 825
RECEIVED ACK 826
RECEIVED ACK 826
RECEIVED ACK 827
RECEIVED ACK 827
RECEIVED ACK 828
RECEIVED ACK 829
RECEIVED ACK 829
RECEIVED ACK 830
RECEIVED ACK 830
RECEIVED ACK 831
RECEIVED ACK 831
RECEIVED ACK 832
RECEIVED ACK 832
RECEIVED ACK 833
RECEIVED ACK 833
RECEIVED ACK 834
RECEIVED ACK 834
RECEIVED ACK 835
RECEIVED ACK 835
RECEIVED ACK 836
RECEIVED ACK 836
RECEIVED ACK 837
RECEIVED ACK 837
RECEIVED ACK 838
RECEIVED ACK 838
RECEIVED ACK 839
RECEIVED ACK 839
RECEIVED ACK 839
DOUBLE ACK 837
RECEIVED ACK 839
RECEIVED ACK 839
RECEIVED ACK 839
RECEIVED ACK 839
RECEIVED ACK 839
RECEIVED ACK 839
RECEIVED ACK 839
RECEIVED ACK 839
RECEIVED ACK 840
RECEIVED ACK 840
RECEIVED ACK 840
RECEIVED ACK 840
RECEIVED ACK 840
RECEIVED ACK 840
RECEIVED ACK 840
RECEIVED ACK 840
RECEIVED ACK 840
RECEIVED ACK 840
RECEIVED ACK 840
RECEIVED ACK 840
RECEIVED ACK 840
RECEIVED ACK 840
RECEIVED ACK 840
RECEIVED ACK 840
RECEIVED ACK 840
RECEIVED ACK 840
RECEIVED ACK 840
RECEIVED ACK 840
RECEIVED ACK 840
RECEIVED ACK 840
RECEIVED ACK 840
RECEIVED ACK 840
RECEIVED ACK 840
RECEIVED ACK 840
RECEIVED ACK 840
RECEIVED ACK 840
RECEIVED ACK 840
RECEIVED ACK 840
RECEIVED ACK 840
RECEIVED ACK 840
RECEIVED ACK 840
RECEIVED ACK 840
RECEIVED ACK 840
RECEIVED ACK 840
RECEIVED ACK 840
RECEIVED ACK 840
RECEIVED ACK 840
RECEIVED ACK 840
RECEIVED ACK 840
RECEIVED ACK 840
RECEIVED ACK 840
RECEIVED ACK 840
RECEIVED ACK 840
RECEIVED ACK 840
RECEIVED ACK 840
RECEIVED ACK 840
RECEIVED ACK 840
RECEIVED ACK 840
RECEIVED ACK 840
RECEIVED ACK 840
RECEIVED ACK 840
RECEIVED ACK 840
DOUBLE ACK 841
RECEIVED ACK 841
RECEIVED ACK 841
RECEIVED ACK 842
RECEIVED ACK 842
RECEIVED ACK 843
RECEIVED ACK 843
RECEIVED ACK 844
RECEIVED ACK 844
RECEIVED ACK 845
RECEIVED ACK 845
RECEIVED ACK 846
RECEIVED ACK 847
RECEIVED ACK 847
RECEIVED ACK 848
RECEIVED ACK 848
RECEIVED ACK 849
RECEIVED ACK 849
RECEIVED ACK 850
RECEIVED ACK 850
RECEIVED ACK 851
RECEIVED ACK 851
RECEIVED ACK 852
RECEIVED ACK 852
RECEIVED ACK 853
RECEIVED ACK 853
RECEIVED ACK 854
RECEIVED ACK 855
RECEIVED ACK 855
RECEIVED ACK 856
RECEIVED ACK 856
RECEIVED ACK 857
RECEIVED ACK 857
RECEIVED ACK 858
RECEIVED ACK 858
RECEIVED ACK 859
RECEIVED ACK 859
RECEIVED ACK 860
RECEIVED ACK 860
RECEIVED ACK 861
RECEIVED ACK 862
RECEIVED ACK 862
RECEIVED ACK 863
RECEIVED ACK 864
RECEIVED ACK 864
RECEIVED ACK 865
RECEIVED ACK 866
RECEIVED ACK 866
RECEIVED ACK 867
RECEIVED ACK 867
RECEIVED ACK 868
RECEIVED ACK 868
RECEIVED ACK 869
RECEIVED ACK 869
RECEIVED ACK 869
RECEIVED ACK 869
DOUBLE ACK 914
RECEIVED ACK 869
RECEIVED ACK 869
RECEIVED ACK 869
RECEIVED ACK 869
RECEIVED ACK 869
RECEIVED ACK 869
RECEIVED ACK 869
RECEIVED ACK 869
RECEIVED ACK 869
RECEIVED ACK 869
RECEIVED ACK 869
RECEIVED ACK 869
RECEIVED ACK 869
RECEIVED ACK 869
RECEIVED ACK 869
RECEIVED ACK 869
RECEIVED ACK 869
RECEIVED ACK 869
RECEIVED ACK 869
RECEIVED ACK 869
RECEIVED ACK 869
RECEIVED ACK 869
RECEIVED ACK 869
RECEIVED ACK 869
RECEIVED ACK 869
RECEIVED ACK 869
RECEIVED ACK 869
RECEIVED ACK 869
RECEIVED ACK 869
RECEIVED ACK 869
RECEIVED ACK 869
RECEIVED ACK 869
RECEIVED ACK 869
RECEIVED ACK 869
RECEIVED ACK 869
RECEIVED ACK 869
RECEIVED ACK 869
RECEIVED ACK 869
RECEIVED ACK 869
RECEIVED ACK 869
RECEIVED ACK 869
RECEIVED ACK 869
RECEIVED ACK 869
RECEIVED ACK 869
RECEIVED ACK 869
RECEIVED ACK 869
RECEIVED ACK 869
RECEIVED ACK 869
RECEIVED ACK 869
RECEIVED ACK 869
RECEIVED ACK 869
RECEIVED ACK 869
RECEIVED ACK 869
RECEIVED ACK 869
RECEIVED ACK 869
RECEIVED ACK 869
RECEIVED ACK 869
RECEIVED ACK 869
RECEIVED ACK 869
RECEIVED ACK 869
RECEIVED ACK 869
RECEIVED ACK 869
RECEIVED ACK 869
RECEIVED ACK 869
RECEIVED ACK 869
RECEIVED ACK 869
RECEIVED ACK 869
DOUBLE ACK 871
RECEIVED ACK 870
RECEIVED ACK 871
RECEIVED ACK 871
RECEIVED ACK 871
RECEIVED ACK 872
RECEIVED ACK 872
RECEIVED ACK 873
RECEIVED ACK 873
RECEIVED ACK 874
RECEIVED ACK 874
RECEIVED ACK 875
RECEIVED ACK 875
RECEIVED ACK 875
RECEIVED ACK 875
DOUBLE ACK 917
RECEIVED ACK 875
RECEIVED ACK 875
RECEIVED ACK 875
RECEIVED ACK 875
RECEIVED ACK 875
RECEIVED ACK 875
RECEIVED ACK 875
RECEIVED ACK 875
RECEIVED ACK 875
RECEIVED ACK 875
RECEIVED ACK 875
RECEIVED ACK 875
RECEIVED ACK 875
RECEIVED ACK 875
RECEIVED ACK 875
RECEIVED ACK 875
RECEIVED ACK 875
RECEIVED ACK 875
RECEIVED ACK 875
RECEIVED ACK 875
RECEIVED ACK 875
RECEIVED ACK 875
RECEIVED ACK 875
RECEIVED ACK 875
RECEIVED ACK 875
RECEIVED ACK 875
RECEIVED ACK 875
RECEIVED ACK 875
RECEIVED ACK 875
RECEIVED ACK 875
RECEIVED ACK 875
RECEIVED ACK 875
RECEIVED ACK 875
RECEIVED ACK 875
RECEIVED ACK 875
RECEIVED ACK 875
RECEIVED ACK 875
RECEIVED ACK 875
RECEIVED ACK 875
RECEIVED ACK 875
RECEIVED ACK 875
RECEIVED ACK 875
RECEIVED ACK 875
RECEIVED ACK 875
RECEIVED ACK 875
RECEIVED ACK 875
RECEIVED ACK 875
RECEIVED ACK 875
RECEIVED ACK 875
RECEIVED ACK 875
RECEIVED ACK 875
RECEIVED ACK 875
RECEIVED ACK 875
RECEIVED ACK 875
RECEIVED ACK 875
RECEIVED ACK 875
RECEIVED ACK 875
RECEIVED ACK 875
RECEIVED ACK 875
DOUBLE ACK 877
RECEIVED ACK 875
RECEIVED ACK 875
RECEIVED ACK 875
RECEIVED ACK 875
RECEIVED ACK 875
RECEIVED ACK 875
RECEIVED ACK 875
RECEIVED ACK 876
RECEIVED ACK 876
RECEIVED ACK 877
RECEIVED ACK 877
RECEIVED ACK 878
RECEIVED ACK 878
RECEIVED ACK 879
RECEIVED ACK 880
RECEIVED ACK 880
RECEIVED ACK 881
RECEIVED ACK 882
RECEIVED ACK 882
RECEIVED ACK 883
RECEIVED ACK 883
RECEIVED ACK 884
RECEIVED ACK 884
RECEIVED ACK 885
RECEIVED ACK 886
RECEIVED ACK 886
RECEIVED ACK 887
RECEIVED ACK 888
RECEIVED ACK 889
RECEIVED ACK 889
RECEIVED ACK 890
RECEIVED ACK 890
RECEIVED ACK 891
RECEIVED ACK 891
RECEIVED ACK 892
RECEIVED ACK 892
RECEIVED ACK 893
RECEIVED ACK 894
RECEIVED ACK 894
RECEIVED ACK 895
RECEIVED ACK 895
RECEIVED ACK 896
RECEIVED ACK 896
RECEIVED ACK 897
RECEIVED ACK 897
RECEIVED ACK 898
RECEIVED ACK 898
RECEIVED ACK 899
RECEIVED ACK 899
RECEIVED ACK 900
RECEIVED ACK 901
RECEIVED ACK 901
RECEIVED ACK 902
RECEIVED ACK 902
RECEIVED ACK 903
RECEIVED ACK 903
RECEIVED ACK 904
RECEIVED ACK 905
RECEIVED ACK 905
RECEIVED ACK 906
RECEIVED ACK 906
RECEIVED ACK 907
RECEIVED ACK 907
RECEIVED ACK 908
RECEIVED ACK 908
RECEIVED ACK 909
RECEIVED ACK 909
RECEIVED ACK 910
RECEIVED ACK 910
RECEIVED ACK 911
RECEIVED ACK 911
RECEIVED ACK 912
RECEIVED ACK 912
RECEIVED ACK 913
RECEIVED ACK 913
RECEIVED ACK 914
RECEIVED ACK 914
RECEIVED ACK 915
RECEIVED ACK 915
RECEIVED ACK 916
RECEIVED ACK 916
RECEIVED ACK 917
RECEIVED ACK 917
RECEIVED ACK 918
RECEIVED ACK 918
RECEIVED ACK 919
RECEIVED ACK 919
RECEIVED ACK 920
RECEIVED ACK 921
RECEIVED ACK 921
RECEIVED ACK 922
RECEIVED ACK 922
RECEIVED ACK 923
RECEIVED ACK 924
RECEIVED ACK 924
RECEIVED ACK 925
RECEIVED ACK 925
RECEIVED ACK 926
RECEIVED ACK 926
RECEIVED ACK 927
RECEIVED ACK 927
RECEIVED ACK 928
RECEIVED ACK 928
RECEIVED ACK 929
RECEIVED ACK 929
RECEIVED ACK 930
RECEIVED ACK 930
RECEIVED ACK 931
RECEIVED ACK 931
RECEIVED ACK 932
RECEIVED ACK 932
RECEIVED ACK 933
RECEIVED ACK 933
RECEIVED ACK 934
RECEIVED ACK 934
RECEIVED ACK 935
RECEIVED ACK 935
RECEIVED ACK 936
RECEIVED ACK 937
RECEIVED ACK 937
RECEIVED ACK 938
RECEIVED ACK 938
RECEIVED ACK 939
RECEIVED ACK 939
RECEIVED ACK 940
RECEIVED ACK 941
RECEIVED ACK 942
RECEIVED ACK 942
RECEIVED ACK 943
RECEIVED ACK 943
RECEIVED ACK 944
RECEIVED ACK 945
RECEIVED ACK 945
RECEIVED ACK 946
RECEIVED ACK 946
RECEIVED ACK 947
RECEIVED ACK 947
RECEIVED ACK 948
RECEIVED ACK 948
RECEIVED ACK 949
RECEIVED ACK 949
RECEIVED ACK 950
RECEIVED ACK 951
RECEIVED ACK 951
RECEIVED ACK 952
RECEIVED ACK 952
RECEIVED ACK 953
RECEIVED ACK 953
RECEIVED ACK 954
RECEIVED ACK 955
RECEIVED ACK 956
RECEIVED ACK 957
RECEIVED ACK 957
RECEIVED ACK 958
RECEIVED ACK 958
RECEIVED ACK 959
RECEIVED ACK 959
RECEIVED ACK 960
RECEIVED ACK 960
RECEIVED ACK 961
RECEIVED ACK 961
RECEIVED ACK 962
RECEIVED ACK 963
RECEIVED ACK 963
RECEIVED ACK 964
RECEIVED ACK 964
RECEIVED ACK 965
RECEIVED ACK 965
RECEIVED ACK 966
RECEIVED ACK 966
RECEIVED ACK 966
RECEIVED ACK 966
DOUBLE ACK 1011
RECEIVED ACK 966
RECEIVED ACK 966
RECEIVED ACK 966
RECEIVED ACK 966
RECEIVED ACK 966
RECEIVED ACK 966
RECEIVED ACK 966
RECEIVED ACK 966
RECEIVED ACK 966
RECEIVED ACK 966
RECEIVED ACK 966
RECEIVED ACK 966
RECEIVED ACK 966
RECEIVED ACK 966
RECEIVED ACK 966
RECEIVED ACK 966
RECEIVED ACK 966
RECEIVED ACK 966
RECEIVED ACK 966
RECEIVED ACK 966
RECEIVED ACK 966
RECEIVED ACK 966
RECEIVED ACK 966
RECEIVED ACK 966
RECEIVED ACK 966
RECEIVED ACK 966
RECEIVED ACK 966
RECEIVED ACK 966
RECEIVED ACK 966
RECEIVED ACK 966
RECEIVED ACK 966
RECEIVED ACK 966
RECEIVED ACK 966
RECEIVED ACK 966
RECEIVED ACK 966
RECEIVED ACK 966
RECEIVED ACK 966
RECEIVED ACK 966
RECEIVED ACK 966
RECEIVED ACK 966
RECEIVED ACK 966
RECEIVED ACK 966
RECEIVED ACK 966
RECEIVED ACK 966
RECEIVED ACK 966
RECEIVED ACK 966
RECEIVED ACK 966
RECEIVED ACK 966
RECEIVED ACK 966
RECEIVED ACK 966
RECEIVED ACK 966
RECEIVED ACK 966
RECEIVED ACK 966
RECEIVED ACK 966
RECEIVED ACK 966
RECEIVED ACK 966
RECEIVED ACK 966
RECEIVED ACK 966
RECEIVED ACK 966
RECEIVED ACK 966
RECEIVED ACK 966
RECEIVED ACK 966
RECEIVED ACK 966
RECEIVED ACK 966
RECEIVED ACK 966
RECEIVED ACK 966
RECEIVED ACK 966
RECEIVED ACK 966
RECEIVED ACK 966
RECEIVED ACK 966
RECEIVED ACK 966
RECEIVED ACK 966
RECEIVED ACK 966
RECEIVED ACK 966
RECEIVED ACK 966
RECEIVED ACK 966
RECEIVED ACK 966
RECEIVED ACK 966
DOUBLE ACK 968
RECEIVED ACK 967
RECEIVED ACK 968
RECEIVED ACK 968
RECEIVED ACK 968
RECEIVED ACK 968
RECEIVED ACK 969
RECEIVED ACK 969
RECEIVED ACK 970
RECEIVED ACK 970
RECEIVED ACK 971
RECEIVED ACK 972
RECEIVED ACK 972
RECEIVED ACK 973
RECEIVED ACK 973
RECEIVED ACK 974
RECEIVED ACK 974
RECEIVED ACK 975
RECEIVED ACK 976
RECEIVED ACK 976
RECEIVED ACK 977
RECEIVED ACK 977
RECEIVED ACK 978
RECEIVED ACK 978
RECEIVED ACK 979
RECEIVED ACK 979
RECEIVED ACK 980
RECEIVED ACK 980
RECEIVED ACK 981
RECEIVED ACK 981
RECEIVED ACK 982
RECEIVED ACK 982
RECEIVED ACK 982
DOUBLE ACK 1025
RECEIVED ACK 982
RECEIVED ACK 982
RECEIVED ACK 982
RECEIVED ACK 982
RECEIVED ACK 982
RECEIVED ACK 982
RECEIVED ACK 982
RECEIVED ACK 982
RECEIVED ACK 982
RECEIVED ACK 982
RECEIVED ACK 982
RECEIVED ACK 982
RECEIVED ACK 982
RECEIVED ACK 982
RECEIVED ACK 982
RECEIVED ACK 982
RECEIVED ACK 982
RECEIVED ACK 982
RECEIVED ACK 982
RECEIVED ACK 982
RECEIVED ACK 982
RECEIVED ACK 982
RECEIVED ACK 982
RECEIVED ACK 982
RECEIVED ACK 982
RECEIVED ACK 982
RECEIVED ACK 982
RECEIVED ACK 982
RECEIVED ACK 982
RECEIVED ACK 982
RECEIVED ACK 982
RECEIVED ACK 982
RECEIVED ACK 982
RECEIVED ACK 982
RECEIVED ACK 982
RECEIVED ACK 982
RECEIVED ACK 982
RECEIVED ACK 982
RECEIVED ACK 982
RECEIVED ACK 982
RECEIVED ACK 982
RECEIVED ACK 982
RECEIVED ACK 982
RECEIVED ACK 982
RECEIVED ACK 982
RECEIVED ACK 982
RECEIVED ACK 982
RECEIVED ACK 982
RECEIVED ACK 982
RECEIVED ACK 982
RECEIVED ACK 982
RECEIVED ACK 982
RECEIVED ACK 982
RECEIVED ACK 982
RECEIVED ACK 982
RECEIVED ACK 982
RECEIVED ACK 982
RECEIVED ACK 982
RECEIVED ACK 982
RECEIVED ACK 982
RECEIVED ACK 982
RECEIVED ACK 982
RECEIVED ACK 982
RECEIVED ACK 982
RECEIVED ACK 982
RECEIVED ACK 982
DOUBLE ACK 984
RECEIVED ACK 983
RECEIVED ACK 983
RECEIVED ACK 984
RECEIVED ACK 984
RECEIVED ACK 984
RECEIVED ACK 984
DOUBLE ACK 1026
RECEIVED ACK 985
RECEIVED ACK 985
RECEIVED ACK 986
RECEIVED ACK 986
RECEIVED ACK 987
RECEIVED ACK 987
RECEIVED ACK 988
RECEIVED ACK 988
RECEIVED ACK 989
RECEIVED ACK 989
RECEIVED ACK 990
RECEIVED ACK 990
RECEIVED ACK 991
RECEIVED ACK 991
RECEIVED ACK 992
RECEIVED ACK 992
RECEIVED ACK 993
RECEIVED ACK 993
RECEIVED ACK 994
RECEIVED ACK 994
RECEIVED ACK 995
RECEIVED ACK 996
RECEIVED ACK 997
RECEIVED ACK 997
RECEIVED ACK 998
RECEIVED ACK 998
RECEIVED ACK 998
RECEIVED ACK 998
RECEIVED ACK 998
RECEIVED ACK 998
RECEIVED ACK 998
RECEIVED ACK 998
RECEIVED ACK 998
RECEIVED ACK 998
RECEIVED ACK 998
RECEIVED ACK 998
RECEIVED ACK 998
RECEIVED ACK 998
RECEIVED ACK 998
RECEIVED ACK 998
RECEIVED ACK 998
RECEIVED ACK 998
RECEIVED ACK 998
RECEIVED ACK 998
RECEIVED ACK 998
RECEIVED ACK 998
RECEIVED ACK 998
RECEIVED ACK 998
RECEIVED ACK 998
RECEIVED ACK 998
RECEIVED ACK 998
RECEIVED ACK 998
RECEIVED ACK 998
RECEIVED ACK 998
RECEIVED ACK 998
RECEIVED ACK 998
RECEIVED ACK 998
RECEIVED ACK 998
RECEIVED ACK 998
RECEIVED ACK 998
RECEIVED ACK 998
RECEIVED ACK 998
RECEIVED ACK 998
RECEIVED ACK 998
RECEIVED ACK 998
RECEIVED ACK 998
RECEIVED ACK 998
RECEIVED ACK 998
RECEIVED ACK 998
RECEIVED ACK 998
RECEIVED ACK 998
RECEIVED ACK 998
RECEIVED ACK 998
RECEIVED ACK 998
RECEIVED ACK 998
RECEIVED ACK 998
DOUBLE ACK 986
RECEIVED ACK 999
RECEIVED ACK 999
RECEIVED ACK 1000
RECEIVED ACK 1000
TIME TAKEN! 11.129699468612671
HI
